Built target ament_cmake_python_copy_lumi_r3
running egg_info
writing lumi_r3.egg-info/PKG-INFO
writing dependency_links to lumi_r3.egg-info/dependency_links.txt
writing top-level names to lumi_r3.egg-info/top_level.txt
reading manifest file 'lumi_r3.egg-info/SOURCES.txt'
writing manifest file 'lumi_r3.egg-info/SOURCES.txt'
Built target ament_cmake_python_build_lumi_r3_egg
-- Install configuration: ""
-- Up-to-date: /home/rino/rd3_ws/install/lumi_r3/share/lumi_r3/environment/pythonpath.sh
-- Up-to-date: /home/rino/rd3_ws/install/lumi_r3/share/lumi_r3/environment/pythonpath.dsv
-- Up-to-date: /home/rino/rd3_ws/install/lumi_r3/local/lib/python3.10/dist-packages/lumi_r3-1.0.0-py3.10.egg-info
-- Installing: /home/rino/rd3_ws/install/lumi_r3/local/lib/python3.10/dist-packages/lumi_r3-1.0.0-py3.10.egg-info/SOURCES.txt
-- Installing: /home/rino/rd3_ws/install/lumi_r3/local/lib/python3.10/dist-packages/lumi_r3-1.0.0-py3.10.egg-info/PKG-INFO
-- Installing: /home/rino/rd3_ws/install/lumi_r3/local/lib/python3.10/dist-packages/lumi_r3-1.0.0-py3.10.egg-info/dependency_links.txt
-- Installing: /home/rino/rd3_ws/install/lumi_r3/local/lib/python3.10/dist-packages/lumi_r3-1.0.0-py3.10.egg-info/top_level.txt
-- Up-to-date: /home/rino/rd3_ws/install/lumi_r3/local/lib/python3.10/dist-packages/lumi_r3
-- Up-to-date: /home/rino/rd3_ws/install/lumi_r3/local/lib/python3.10/dist-packages/lumi_r3/grid_navigator.py
-- Up-to-date: /home/rino/rd3_ws/install/lumi_r3/local/lib/python3.10/dist-packages/lumi_r3/tile_detector.py
-- Up-to-date: /home/rino/rd3_ws/install/lumi_r3/local/lib/python3.10/dist-packages/lumi_r3/__init__.py
-- Up-to-date: /home/rino/rd3_ws/install/lumi_r3/local/lib/python3.10/dist-packages/lumi_r3/apriltag_detector.py
Listing '/home/rino/rd3_ws/install/lumi_r3/local/lib/python3.10/dist-packages/lumi_r3'...
-- Up-to-date: /home/rino/rd3_ws/install/lumi_r3/lib/lumi_r3/apriltag_detector.py
-- Up-to-date: /home/rino/rd3_ws/install/lumi_r3/lib/lumi_r3/tile_detector.py
-- Up-to-date: /home/rino/rd3_ws/install/lumi_r3/lib/lumi_r3/grid_navigator.py
-- Up-to-date: /home/rino/rd3_ws/install/lumi_r3/share/lumi_r3/worlds
-- Up-to-date: /home/rino/rd3_ws/install/lumi_r3/share/lumi_r3/worlds/grid_world_r3.sdf
-- Up-to-date: /home/rino/rd3_ws/install/lumi_r3/share/lumi_r3/config
-- Up-to-date: /home/rino/rd3_ws/install/lumi_r3/share/lumi_r3/config/slam_r3.yaml
-- Up-to-date: /home/rino/rd3_ws/install/lumi_r3/share/lumi_r3/config/ekf_r3.yaml
-- Up-to-date: /home/rino/rd3_ws/install/lumi_r3/share/lumi_r3/launch
-- Up-to-date: /home/rino/rd3_ws/install/lumi_r3/share/lumi_r3/launch/r3_challenge.launch.py
-- Up-to-date: /home/rino/rd3_ws/install/lumi_r3/share/lumi_r3/rviz
-- Up-to-date: /home/rino/rd3_ws/install/lumi_r3/share/lumi_r3/materials
-- Up-to-date: /home/rino/rd3_ws/install/lumi_r3/share/lumi_r3/materials/textures
-- Up-to-date: /home/rino/rd3_ws/install/lumi_r3/share/lumi_r3/materials/textures/tile_r4_c1.png
-- Up-to-date: /home/rino/rd3_ws/install/lumi_r3/share/lumi_r3/materials/textures/tile_r3_c4.png
-- Up-to-date: /home/rino/rd3_ws/install/lumi_r3/share/lumi_r3/materials/textures/tile_r2_c2.png
-- Up-to-date: /home/rino/rd3_ws/install/lumi_r3/share/lumi_r3/materials/textures/tile_r1_c0.png
-- Up-to-date: /home/rino/rd3_ws/install/lumi_r3/share/lumi_r3/materials/textures/tile_r3_c2.png
-- Up-to-date: /home/rino/rd3_ws/install/lumi_r3/share/lumi_r3/materials/textures/tile_r2_c1.png
-- Up-to-date: /home/rino/rd3_ws/install/lumi_r3/share/lumi_r3/materials/textures/orange.png
-- Up-to-date: /home/rino/rd3_ws/install/lumi_r3/share/lumi_r3/materials/textures/tile_r3_c0.png
-- Up-to-date: /home/rino/rd3_ws/install/lumi_r3/share/lumi_r3/materials/textures/tile_r4_c2.png
-- Up-to-date: /home/rino/rd3_ws/install/lumi_r3/share/lumi_r3/materials/textures/start.png
-- Up-to-date: /home/rino/rd3_ws/install/lumi_r3/share/lumi_r3/materials/textures/tile_r1_c4.png
-- Up-to-date: /home/rino/rd3_ws/install/lumi_r3/share/lumi_r3/materials/textures/tile_r1_c1.png
-- Up-to-date: /home/rino/rd3_ws/install/lumi_r3/share/lumi_r3/materials/textures/tile_r3_c3.png
-- Up-to-date: /home/rino/rd3_ws/install/lumi_r3/share/lumi_r3/materials/textures/tile_r3_c1.png
-- Up-to-date: /home/rino/rd3_ws/install/lumi_r3/share/lumi_r3/materials/textures/tile_r0_c0.png
-- Up-to-date: /home/rino/rd3_ws/install/lumi_r3/share/lumi_r3/materials/textures/default.png
-- Up-to-date: /home/rino/rd3_ws/install/lumi_r3/share/lumi_r3/materials/textures/tile_r4_c3.png
-- Up-to-date: /home/rino/rd3_ws/install/lumi_r3/share/lumi_r3/materials/textures/tile_r1_c2.png
-- Up-to-date: /home/rino/rd3_ws/install/lumi_r3/share/lumi_r3/materials/textures/stop.png
-- Up-to-date: /home/rino/rd3_ws/install/lumi_r3/share/lumi_r3/materials/textures/tile_r2_c0.png
-- Up-to-date: /home/rino/rd3_ws/install/lumi_r3/share/lumi_r3/materials/textures/tile_r2_c3.png
-- Up-to-date: /home/rino/rd3_ws/install/lumi_r3/share/lumi_r3/materials/textures/tile_r2_c4.png
-- Up-to-date: /home/rino/rd3_ws/install/lumi_r3/share/lumi_r3/materials/textures/tile_r1_c3.png
-- Up-to-date: /home/rino/rd3_ws/install/lumi_r3/share/lumi_r3/materials/textures/green.png
-- Up-to-date: /home/rino/rd3_ws/install/lumi_r3/share/lumi_r3/materials/textures/tile_r0_c4.png
-- Up-to-date: /home/rino/rd3_ws/install/lumi_r3/share/lumi_r3/materials/textures/tile_r0_c1.png
-- Up-to-date: /home/rino/rd3_ws/install/lumi_r3/share/lumi_r3/materials/textures/apriltags
-- Up-to-date: /home/rino/rd3_ws/install/lumi_r3/share/lumi_r3/materials/textures/apriltags/tag_4_padded.png
-- Up-to-date: /home/rino/rd3_ws/install/lumi_r3/share/lumi_r3/materials/textures/apriltags/tag_0.png
-- Up-to-date: /home/rino/rd3_ws/install/lumi_r3/share/lumi_r3/materials/textures/apriltags/tag_4.png
-- Up-to-date: /home/rino/rd3_ws/install/lumi_r3/share/lumi_r3/materials/textures/apriltags/tag_3_padded.png
-- Up-to-date: /home/rino/rd3_ws/install/lumi_r3/share/lumi_r3/materials/textures/apriltags/tag_2.png
-- Up-to-date: /home/rino/rd3_ws/install/lumi_r3/share/lumi_r3/materials/textures/apriltags/tag_1_padded.png
-- Up-to-date: /home/rino/rd3_ws/install/lumi_r3/share/lumi_r3/materials/textures/apriltags/tag_1.png
-- Up-to-date: /home/rino/rd3_ws/install/lumi_r3/share/lumi_r3/materials/textures/apriltags/tag_2_padded.png
-- Up-to-date: /home/rino/rd3_ws/install/lumi_r3/share/lumi_r3/materials/textures/apriltags/tag_0_padded.png
-- Up-to-date: /home/rino/rd3_ws/install/lumi_r3/share/lumi_r3/materials/textures/apriltags/tag_3.png
-- Up-to-date: /home/rino/rd3_ws/install/lumi_r3/share/lumi_r3/materials/textures/tile_r0_c3.png
-- Up-to-date: /home/rino/rd3_ws/install/lumi_r3/share/lumi_r3/materials/textures/tile_r0_c2.png
-- Up-to-date: /home/rino/rd3_ws/install/lumi_r3/share/lumi_r3/materials/textures/tile_r4_c0.png
-- Up-to-date: /home/rino/rd3_ws/install/lumi_r3/share/ament_index/resource_index/package_run_dependencies/lumi_r3
-- Up-to-date: /home/rino/rd3_ws/install/lumi_r3/share/ament_index/resource_index/parent_prefix_path/lumi_r3
-- Up-to-date: /home/rino/rd3_ws/install/lumi_r3/share/lumi_r3/environment/ament_prefix_path.sh
-- Up-to-date: /home/rino/rd3_ws/install/lumi_r3/share/lumi_r3/environment/ament_prefix_path.dsv
-- Up-to-date: /home/rino/rd3_ws/install/lumi_r3/share/lumi_r3/environment/path.sh
-- Up-to-date: /home/rino/rd3_ws/install/lumi_r3/share/lumi_r3/environment/path.dsv
-- Up-to-date: /home/rino/rd3_ws/install/lumi_r3/share/lumi_r3/local_setup.bash
-- Up-to-date: /home/rino/rd3_ws/install/lumi_r3/share/lumi_r3/local_setup.sh
-- Up-to-date: /home/rino/rd3_ws/install/lumi_r3/share/lumi_r3/local_setup.zsh
-- Up-to-date: /home/rino/rd3_ws/install/lumi_r3/share/lumi_r3/local_setup.dsv
-- Up-to-date: /home/rino/rd3_ws/install/lumi_r3/share/lumi_r3/package.dsv
-- Up-to-date: /home/rino/rd3_ws/install/lumi_r3/share/ament_index/resource_index/packages/lumi_r3
-- Up-to-date: /home/rino/rd3_ws/install/lumi_r3/share/lumi_r3/cmake/lumi_r3Config.cmake
-- Up-to-date: /home/rino/rd3_ws/install/lumi_r3/share/lumi_r3/cmake/lumi_r3Config-version.cmake
-- Up-to-date: /home/rino/rd3_ws/install/lumi_r3/share/lumi_r3/package.xml
