[0.135s] DEBUG:colcon:Command line arguments: ['/usr/bin/colcon', 'build']
[0.135s] DEBUG:colcon:Parsed command line arguments: Namespace(log_base=None, log_level=None, verb_name='build', build_base='build', install_base='install', merge_install=False, symlink_install=False, test_result_base=None, continue_on_error=False, executor='parallel', parallel_workers=8, event_handlers=None, ignore_user_meta=False, metas=['./colcon.meta'], base_paths=['.'], packages_ignore=None, packages_ignore_regex=None, paths=None, packages_up_to=None, packages_up_to_regex=None, packages_above=None, packages_above_and_dependencies=None, packages_above_depth=None, packages_select_by_dep=None, packages_skip_by_dep=None, packages_skip_up_to=None, packages_select_build_failed=False, packages_skip_build_finished=False, packages_select_test_failures=False, packages_skip_test_passed=False, packages_select=None, packages_skip=None, packages_select_regex=None, packages_skip_regex=None, packages_start=None, packages_end=None, allow_overriding=[], cmake_args=None, cmake_target=None, cmake_target_skip_unavailable=False, cmake_clean_cache=False, cmake_clean_first=False, cmake_force_configure=False, ament_cmake_args=None, catkin_cmake_args=None, catkin_skip_building_tests=False, mixin_files=None, mixin=None, verb_parser=<colcon_mixin.mixin.mixin_argument.MixinArgumentDecorator object at 0x7e956405a770>, verb_extension=<colcon_core.verb.build.BuildVerb object at 0x7e9564163760>, main=<bound method BuildVerb.main of <colcon_core.verb.build.BuildVerb object at 0x7e9564163760>>, mixin_verb=('build',))
[0.340s] Level 1:colcon.colcon_core.package_discovery:discover_packages(colcon_meta) check parameters
[0.340s] Level 1:colcon.colcon_core.package_discovery:discover_packages(recursive) check parameters
[0.340s] Level 1:colcon.colcon_core.package_discovery:discover_packages(ignore) check parameters
[0.340s] Level 1:colcon.colcon_core.package_discovery:discover_packages(path) check parameters
[0.340s] Level 1:colcon.colcon_core.package_discovery:discover_packages(colcon_meta) discover
[0.340s] Level 1:colcon.colcon_core.package_discovery:discover_packages(recursive) discover
[0.340s] INFO:colcon.colcon_core.package_discovery:Crawling recursively for packages in '/home/rino/rd3_ws'
[0.340s] Level 1:colcon.colcon_core.package_identification:_identify(.) by extensions ['ignore', 'ignore_ament_install']
[0.340s] Level 1:colcon.colcon_core.package_identification:_identify(.) by extension 'ignore'
[0.341s] Level 1:colcon.colcon_core.package_identification:_identify(.) by extension 'ignore_ament_install'
[0.341s] Level 1:colcon.colcon_core.package_identification:_identify(.) by extensions ['colcon_pkg']
[0.341s] Level 1:colcon.colcon_core.package_identification:_identify(.) by extension 'colcon_pkg'
[0.341s] Level 1:colcon.colcon_core.package_identification:_identify(.) by extensions ['colcon_meta']
[0.341s] Level 1:colcon.colcon_core.package_identification:_identify(.) by extension 'colcon_meta'
[0.341s] Level 1:colcon.colcon_core.package_identification:_identify(.) by extensions ['ros']
[0.341s] Level 1:colcon.colcon_core.package_identification:_identify(.) by extension 'ros'
[0.351s] Level 1:colcon.colcon_core.package_identification:_identify(.) by extensions ['cmake', 'python']
[0.351s] Level 1:colcon.colcon_core.package_identification:_identify(.) by extension 'cmake'
[0.351s] Level 1:colcon.colcon_core.package_identification:_identify(.) by extension 'python'
[0.351s] Level 1:colcon.colcon_core.package_identification:_identify(.) by extensions ['python_setup_py']
[0.351s] Level 1:colcon.colcon_core.package_identification:_identify(.) by extension 'python_setup_py'
[0.351s] Level 1:colcon.colcon_core.package_identification:_identify(build) by extensions ['ignore', 'ignore_ament_install']
[0.352s] Level 1:colcon.colcon_core.package_identification:_identify(build) by extension 'ignore'
[0.352s] Level 1:colcon.colcon_core.package_identification:_identify(build) ignored
[0.352s] Level 1:colcon.colcon_core.package_identification:_identify(install) by extensions ['ignore', 'ignore_ament_install']
[0.352s] Level 1:colcon.colcon_core.package_identification:_identify(install) by extension 'ignore'
[0.352s] Level 1:colcon.colcon_core.package_identification:_identify(install) ignored
[0.352s] Level 1:colcon.colcon_core.package_identification:_identify(log) by extensions ['ignore', 'ignore_ament_install']
[0.352s] Level 1:colcon.colcon_core.package_identification:_identify(log) by extension 'ignore'
[0.352s] Level 1:colcon.colcon_core.package_identification:_identify(log) ignored
[0.352s] Level 1:colcon.colcon_core.package_identification:_identify(src) by extensions ['ignore', 'ignore_ament_install']
[0.353s] Level 1:colcon.colcon_core.package_identification:_identify(src) by extension 'ignore'
[0.353s] Level 1:colcon.colcon_core.package_identification:_identify(src) by extension 'ignore_ament_install'
[0.353s] Level 1:colcon.colcon_core.package_identification:_identify(src) by extensions ['colcon_pkg']
[0.353s] Level 1:colcon.colcon_core.package_identification:_identify(src) by extension 'colcon_pkg'
[0.353s] Level 1:colcon.colcon_core.package_identification:_identify(src) by extensions ['colcon_meta']
[0.353s] Level 1:colcon.colcon_core.package_identification:_identify(src) by extension 'colcon_meta'
[0.353s] Level 1:colcon.colcon_core.package_identification:_identify(src) by extensions ['ros']
[0.353s] Level 1:colcon.colcon_core.package_identification:_identify(src) by extension 'ros'
[0.353s] Level 1:colcon.colcon_core.package_identification:_identify(src) by extensions ['cmake', 'python']
[0.353s] Level 1:colcon.colcon_core.package_identification:_identify(src) by extension 'cmake'
[0.353s] Level 1:colcon.colcon_core.package_identification:_identify(src) by extension 'python'
[0.353s] Level 1:colcon.colcon_core.package_identification:_identify(src) by extensions ['python_setup_py']
[0.353s] Level 1:colcon.colcon_core.package_identification:_identify(src) by extension 'python_setup_py'
[0.353s] Level 1:colcon.colcon_core.package_identification:_identify(src/lumi_r3) by extensions ['ignore', 'ignore_ament_install']
[0.353s] Level 1:colcon.colcon_core.package_identification:_identify(src/lumi_r3) by extension 'ignore'
[0.353s] Level 1:colcon.colcon_core.package_identification:_identify(src/lumi_r3) by extension 'ignore_ament_install'
[0.353s] Level 1:colcon.colcon_core.package_identification:_identify(src/lumi_r3) by extensions ['colcon_pkg']
[0.353s] Level 1:colcon.colcon_core.package_identification:_identify(src/lumi_r3) by extension 'colcon_pkg'
[0.354s] Level 1:colcon.colcon_core.package_identification:_identify(src/lumi_r3) by extensions ['colcon_meta']
[0.354s] Level 1:colcon.colcon_core.package_identification:_identify(src/lumi_r3) by extension 'colcon_meta'
[0.354s] Level 1:colcon.colcon_core.package_identification:_identify(src/lumi_r3) by extensions ['ros']
[0.354s] Level 1:colcon.colcon_core.package_identification:_identify(src/lumi_r3) by extension 'ros'
[0.360s] DEBUG:colcon.colcon_core.package_identification:Package 'src/lumi_r3' with type 'ros.ament_cmake' and name 'lumi_r3'
[0.360s] Level 1:colcon.colcon_core.package_identification:_identify(src/mini_r1_v1_description) by extensions ['ignore', 'ignore_ament_install']
[0.360s] Level 1:colcon.colcon_core.package_identification:_identify(src/mini_r1_v1_description) by extension 'ignore'
[0.360s] Level 1:colcon.colcon_core.package_identification:_identify(src/mini_r1_v1_description) by extension 'ignore_ament_install'
[0.360s] Level 1:colcon.colcon_core.package_identification:_identify(src/mini_r1_v1_description) by extensions ['colcon_pkg']
[0.360s] Level 1:colcon.colcon_core.package_identification:_identify(src/mini_r1_v1_description) by extension 'colcon_pkg'
[0.360s] Level 1:colcon.colcon_core.package_identification:_identify(src/mini_r1_v1_description) by extensions ['colcon_meta']
[0.360s] Level 1:colcon.colcon_core.package_identification:_identify(src/mini_r1_v1_description) by extension 'colcon_meta'
[0.360s] Level 1:colcon.colcon_core.package_identification:_identify(src/mini_r1_v1_description) by extensions ['ros']
[0.360s] Level 1:colcon.colcon_core.package_identification:_identify(src/mini_r1_v1_description) by extension 'ros'
[0.362s] DEBUG:colcon.colcon_core.package_identification:Package 'src/mini_r1_v1_description' with type 'ros.ament_cmake' and name 'mini_r1_v1_description'
[0.362s] Level 1:colcon.colcon_core.package_identification:_identify(src/mini_r1_v1_gz) by extensions ['ignore', 'ignore_ament_install']
[0.362s] Level 1:colcon.colcon_core.package_identification:_identify(src/mini_r1_v1_gz) by extension 'ignore'
[0.362s] Level 1:colcon.colcon_core.package_identification:_identify(src/mini_r1_v1_gz) by extension 'ignore_ament_install'
[0.362s] Level 1:colcon.colcon_core.package_identification:_identify(src/mini_r1_v1_gz) by extensions ['colcon_pkg']
[0.362s] Level 1:colcon.colcon_core.package_identification:_identify(src/mini_r1_v1_gz) by extension 'colcon_pkg'
[0.362s] Level 1:colcon.colcon_core.package_identification:_identify(src/mini_r1_v1_gz) by extensions ['colcon_meta']
[0.362s] Level 1:colcon.colcon_core.package_identification:_identify(src/mini_r1_v1_gz) by extension 'colcon_meta'
[0.362s] Level 1:colcon.colcon_core.package_identification:_identify(src/mini_r1_v1_gz) by extensions ['ros']
[0.362s] Level 1:colcon.colcon_core.package_identification:_identify(src/mini_r1_v1_gz) by extension 'ros'
[0.363s] DEBUG:colcon.colcon_core.package_identification:Package 'src/mini_r1_v1_gz' with type 'ros.ament_cmake' and name 'mini_r1_v1_gz'
[0.363s] Level 1:colcon.colcon_core.package_discovery:discover_packages(recursive) using defaults
[0.363s] Level 1:colcon.colcon_core.package_discovery:discover_packages(ignore) discover
[0.363s] Level 1:colcon.colcon_core.package_discovery:discover_packages(ignore) using defaults
[0.363s] Level 1:colcon.colcon_core.package_discovery:discover_packages(path) discover
[0.363s] Level 1:colcon.colcon_core.package_discovery:discover_packages(path) using defaults
[0.395s] Level 1:colcon.colcon_core.package_discovery:discover_packages(prefix_path) check parameters
[0.395s] Level 1:colcon.colcon_core.package_discovery:discover_packages(prefix_path) discover
[0.399s] DEBUG:colcon.colcon_installed_package_information.package_discovery:Found 457 installed packages in /opt/ros/humble
[0.400s] Level 1:colcon.colcon_core.package_discovery:discover_packages(prefix_path) using defaults
[0.460s] Level 5:colcon.colcon_core.verb:set package 'mini_r1_v1_description' build argument 'cmake_args' from command line to 'None'
[0.460s] Level 5:colcon.colcon_core.verb:set package 'mini_r1_v1_description' build argument 'cmake_target' from command line to 'None'
[0.460s] Level 5:colcon.colcon_core.verb:set package 'mini_r1_v1_description' build argument 'cmake_target_skip_unavailable' from command line to 'False'
[0.460s] Level 5:colcon.colcon_core.verb:set package 'mini_r1_v1_description' build argument 'cmake_clean_cache' from command line to 'False'
[0.460s] Level 5:colcon.colcon_core.verb:set package 'mini_r1_v1_description' build argument 'cmake_clean_first' from command line to 'False'
[0.460s] Level 5:colcon.colcon_core.verb:set package 'mini_r1_v1_description' build argument 'cmake_force_configure' from command line to 'False'
[0.460s] Level 5:colcon.colcon_core.verb:set package 'mini_r1_v1_description' build argument 'ament_cmake_args' from command line to 'None'
[0.460s] Level 5:colcon.colcon_core.verb:set package 'mini_r1_v1_description' build argument 'catkin_cmake_args' from command line to 'None'
[0.460s] Level 5:colcon.colcon_core.verb:set package 'mini_r1_v1_description' build argument 'catkin_skip_building_tests' from command line to 'False'
[0.460s] DEBUG:colcon.colcon_core.verb:Building package 'mini_r1_v1_description' with the following arguments: {'ament_cmake_args': None, 'build_base': '/home/rino/rd3_ws/build/mini_r1_v1_description', 'catkin_cmake_args': None, 'catkin_skip_building_tests': False, 'cmake_args': None, 'cmake_clean_cache': False, 'cmake_clean_first': False, 'cmake_force_configure': False, 'cmake_target': None, 'cmake_target_skip_unavailable': False, 'install_base': '/home/rino/rd3_ws/install/mini_r1_v1_description', 'merge_install': False, 'path': '/home/rino/rd3_ws/src/mini_r1_v1_description', 'symlink_install': False, 'test_result_base': None}
[0.460s] Level 5:colcon.colcon_core.verb:set package 'mini_r1_v1_gz' build argument 'cmake_args' from command line to 'None'
[0.460s] Level 5:colcon.colcon_core.verb:set package 'mini_r1_v1_gz' build argument 'cmake_target' from command line to 'None'
[0.460s] Level 5:colcon.colcon_core.verb:set package 'mini_r1_v1_gz' build argument 'cmake_target_skip_unavailable' from command line to 'False'
[0.460s] Level 5:colcon.colcon_core.verb:set package 'mini_r1_v1_gz' build argument 'cmake_clean_cache' from command line to 'False'
[0.460s] Level 5:colcon.colcon_core.verb:set package 'mini_r1_v1_gz' build argument 'cmake_clean_first' from command line to 'False'
[0.460s] Level 5:colcon.colcon_core.verb:set package 'mini_r1_v1_gz' build argument 'cmake_force_configure' from command line to 'False'
[0.460s] Level 5:colcon.colcon_core.verb:set package 'mini_r1_v1_gz' build argument 'ament_cmake_args' from command line to 'None'
[0.460s] Level 5:colcon.colcon_core.verb:set package 'mini_r1_v1_gz' build argument 'catkin_cmake_args' from command line to 'None'
[0.460s] Level 5:colcon.colcon_core.verb:set package 'mini_r1_v1_gz' build argument 'catkin_skip_building_tests' from command line to 'False'
[0.460s] DEBUG:colcon.colcon_core.verb:Building package 'mini_r1_v1_gz' with the following arguments: {'ament_cmake_args': None, 'build_base': '/home/rino/rd3_ws/build/mini_r1_v1_gz', 'catkin_cmake_args': None, 'catkin_skip_building_tests': False, 'cmake_args': None, 'cmake_clean_cache': False, 'cmake_clean_first': False, 'cmake_force_configure': False, 'cmake_target': None, 'cmake_target_skip_unavailable': False, 'install_base': '/home/rino/rd3_ws/install/mini_r1_v1_gz', 'merge_install': False, 'path': '/home/rino/rd3_ws/src/mini_r1_v1_gz', 'symlink_install': False, 'test_result_base': None}
[0.461s] Level 5:colcon.colcon_core.verb:set package 'lumi_r3' build argument 'cmake_args' from command line to 'None'
[0.461s] Level 5:colcon.colcon_core.verb:set package 'lumi_r3' build argument 'cmake_target' from command line to 'None'
[0.461s] Level 5:colcon.colcon_core.verb:set package 'lumi_r3' build argument 'cmake_target_skip_unavailable' from command line to 'False'
[0.461s] Level 5:colcon.colcon_core.verb:set package 'lumi_r3' build argument 'cmake_clean_cache' from command line to 'False'
[0.461s] Level 5:colcon.colcon_core.verb:set package 'lumi_r3' build argument 'cmake_clean_first' from command line to 'False'
[0.461s] Level 5:colcon.colcon_core.verb:set package 'lumi_r3' build argument 'cmake_force_configure' from command line to 'False'
[0.461s] Level 5:colcon.colcon_core.verb:set package 'lumi_r3' build argument 'ament_cmake_args' from command line to 'None'
[0.461s] Level 5:colcon.colcon_core.verb:set package 'lumi_r3' build argument 'catkin_cmake_args' from command line to 'None'
[0.461s] Level 5:colcon.colcon_core.verb:set package 'lumi_r3' build argument 'catkin_skip_building_tests' from command line to 'False'
[0.461s] DEBUG:colcon.colcon_core.verb:Building package 'lumi_r3' with the following arguments: {'ament_cmake_args': None, 'build_base': '/home/rino/rd3_ws/build/lumi_r3', 'catkin_cmake_args': None, 'catkin_skip_building_tests': False, 'cmake_args': None, 'cmake_clean_cache': False, 'cmake_clean_first': False, 'cmake_force_configure': False, 'cmake_target': None, 'cmake_target_skip_unavailable': False, 'install_base': '/home/rino/rd3_ws/install/lumi_r3', 'merge_install': False, 'path': '/home/rino/rd3_ws/src/lumi_r3', 'symlink_install': False, 'test_result_base': None}
[0.461s] INFO:colcon.colcon_core.executor:Executing jobs using 'parallel' executor
[0.462s] DEBUG:colcon.colcon_parallel_executor.executor.parallel:run_until_complete
[0.462s] INFO:colcon.colcon_ros.task.ament_cmake.build:Building ROS package in '/home/rino/rd3_ws/src/mini_r1_v1_description' with build type 'ament_cmake'
[0.462s] INFO:colcon.colcon_cmake.task.cmake.build:Building CMake package in '/home/rino/rd3_ws/src/mini_r1_v1_description'
[0.465s] INFO:colcon.colcon_core.plugin_system:Skipping extension 'colcon_core.shell.bat': Not used on non-Windows systems
[0.465s] INFO:colcon.colcon_core.shell:Skip shell extension 'powershell' for command environment: Not usable outside of PowerShell
[0.465s] DEBUG:colcon.colcon_core.shell:Skip shell extension 'dsv' for command environment
[0.471s] INFO:colcon.colcon_ros.task.ament_cmake.build:Building ROS package in '/home/rino/rd3_ws/src/mini_r1_v1_gz' with build type 'ament_cmake'
[0.472s] INFO:colcon.colcon_cmake.task.cmake.build:Building CMake package in '/home/rino/rd3_ws/src/mini_r1_v1_gz'
[0.472s] INFO:colcon.colcon_core.shell:Skip shell extension 'powershell' for command environment: Not usable outside of PowerShell
[0.472s] DEBUG:colcon.colcon_core.shell:Skip shell extension 'dsv' for command environment
[0.492s] DEBUG:colcon.colcon_core.event_handler.log_command:Invoking command in '/home/rino/rd3_ws/build/mini_r1_v1_description': CMAKE_PREFIX_PATH=/opt/ros/humble /usr/bin/cmake --build /home/rino/rd3_ws/build/mini_r1_v1_description -- -j8 -l8
[0.500s] DEBUG:colcon.colcon_core.event_handler.log_command:Invoking command in '/home/rino/rd3_ws/build/mini_r1_v1_gz': CMAKE_PREFIX_PATH=/opt/ros/humble /usr/bin/cmake --build /home/rino/rd3_ws/build/mini_r1_v1_gz -- -j8 -l8
[0.568s] DEBUG:colcon.colcon_core.event_handler.log_command:Invoked command in '/home/rino/rd3_ws/build/mini_r1_v1_description' returned '0': CMAKE_PREFIX_PATH=/opt/ros/humble /usr/bin/cmake --build /home/rino/rd3_ws/build/mini_r1_v1_description -- -j8 -l8
[0.587s] DEBUG:colcon.colcon_core.event_handler.log_command:Invoking command in '/home/rino/rd3_ws/build/mini_r1_v1_description': CMAKE_PREFIX_PATH=/opt/ros/humble /usr/bin/cmake --install /home/rino/rd3_ws/build/mini_r1_v1_description
[0.587s] DEBUG:colcon.colcon_core.event_handler.log_command:Invoked command in '/home/rino/rd3_ws/build/mini_r1_v1_gz' returned '0': CMAKE_PREFIX_PATH=/opt/ros/humble /usr/bin/cmake --build /home/rino/rd3_ws/build/mini_r1_v1_gz -- -j8 -l8
[0.592s] DEBUG:colcon.colcon_core.event_handler.log_command:Invoking command in '/home/rino/rd3_ws/build/mini_r1_v1_gz': CMAKE_PREFIX_PATH=/opt/ros/humble /usr/bin/cmake --install /home/rino/rd3_ws/build/mini_r1_v1_gz
[0.617s] Level 1:colcon.colcon_core.environment:create_environment_scripts_only(mini_r1_v1_description)
[0.618s] DEBUG:colcon.colcon_core.event_handler.log_command:Invoked command in '/home/rino/rd3_ws/build/mini_r1_v1_description' returned '0': CMAKE_PREFIX_PATH=/opt/ros/humble /usr/bin/cmake --install /home/rino/rd3_ws/build/mini_r1_v1_description
[0.621s] Level 1:colcon.colcon_core.environment:checking '/home/rino/rd3_ws/install/mini_r1_v1_description' for CMake module files
[0.622s] Level 1:colcon.colcon_core.environment:checking '/home/rino/rd3_ws/install/mini_r1_v1_description' for CMake config files
[0.623s] Level 1:colcon.colcon_core.shell:create_environment_hook('mini_r1_v1_description', 'cmake_prefix_path')
[0.623s] INFO:colcon.colcon_core.shell:Creating environment hook '/home/rino/rd3_ws/install/mini_r1_v1_description/share/mini_r1_v1_description/hook/cmake_prefix_path.ps1'
[0.624s] INFO:colcon.colcon_core.shell:Creating environment descriptor '/home/rino/rd3_ws/install/mini_r1_v1_description/share/mini_r1_v1_description/hook/cmake_prefix_path.dsv'
[0.625s] INFO:colcon.colcon_core.shell:Creating environment hook '/home/rino/rd3_ws/install/mini_r1_v1_description/share/mini_r1_v1_description/hook/cmake_prefix_path.sh'
[0.626s] Level 1:colcon.colcon_core.environment:checking '/home/rino/rd3_ws/install/mini_r1_v1_description/bin'
[0.626s] Level 1:colcon.colcon_core.environment:checking '/home/rino/rd3_ws/install/mini_r1_v1_description/lib/pkgconfig/mini_r1_v1_description.pc'
[0.626s] Level 1:colcon.colcon_core.environment:checking '/home/rino/rd3_ws/install/mini_r1_v1_description/lib/python3.10/site-packages'
[0.626s] Level 1:colcon.colcon_core.environment:checking '/home/rino/rd3_ws/install/mini_r1_v1_description/bin'
[0.627s] INFO:colcon.colcon_core.shell:Creating package script '/home/rino/rd3_ws/install/mini_r1_v1_description/share/mini_r1_v1_description/package.ps1'
[0.628s] INFO:colcon.colcon_core.shell:Creating package descriptor '/home/rino/rd3_ws/install/mini_r1_v1_description/share/mini_r1_v1_description/package.dsv'
[0.628s] INFO:colcon.colcon_core.shell:Creating package script '/home/rino/rd3_ws/install/mini_r1_v1_description/share/mini_r1_v1_description/package.sh'
[0.629s] INFO:colcon.colcon_core.shell:Creating package script '/home/rino/rd3_ws/install/mini_r1_v1_description/share/mini_r1_v1_description/package.bash'
[0.630s] INFO:colcon.colcon_core.shell:Creating package script '/home/rino/rd3_ws/install/mini_r1_v1_description/share/mini_r1_v1_description/package.zsh'
[0.631s] Level 1:colcon.colcon_core.environment:create_file_with_runtime_dependencies(/home/rino/rd3_ws/install/mini_r1_v1_description/share/colcon-core/packages/mini_r1_v1_description)
[0.633s] Level 1:colcon.colcon_core.environment:create_environment_scripts_only(mini_r1_v1_description)
[0.633s] Level 1:colcon.colcon_core.environment:checking '/home/rino/rd3_ws/install/mini_r1_v1_description' for CMake module files
[0.633s] Level 1:colcon.colcon_core.environment:checking '/home/rino/rd3_ws/install/mini_r1_v1_description' for CMake config files
[0.633s] Level 1:colcon.colcon_core.shell:create_environment_hook('mini_r1_v1_description', 'cmake_prefix_path')
[0.633s] INFO:colcon.colcon_core.shell:Creating environment hook '/home/rino/rd3_ws/install/mini_r1_v1_description/share/mini_r1_v1_description/hook/cmake_prefix_path.ps1'
[0.634s] INFO:colcon.colcon_core.shell:Creating environment descriptor '/home/rino/rd3_ws/install/mini_r1_v1_description/share/mini_r1_v1_description/hook/cmake_prefix_path.dsv'
[0.634s] INFO:colcon.colcon_core.shell:Creating environment hook '/home/rino/rd3_ws/install/mini_r1_v1_description/share/mini_r1_v1_description/hook/cmake_prefix_path.sh'
[0.635s] Level 1:colcon.colcon_core.environment:checking '/home/rino/rd3_ws/install/mini_r1_v1_description/bin'
[0.635s] Level 1:colcon.colcon_core.environment:checking '/home/rino/rd3_ws/install/mini_r1_v1_description/lib/pkgconfig/mini_r1_v1_description.pc'
[0.636s] Level 1:colcon.colcon_core.environment:checking '/home/rino/rd3_ws/install/mini_r1_v1_description/lib/python3.10/site-packages'
[0.636s] Level 1:colcon.colcon_core.environment:checking '/home/rino/rd3_ws/install/mini_r1_v1_description/bin'
[0.636s] INFO:colcon.colcon_core.shell:Creating package script '/home/rino/rd3_ws/install/mini_r1_v1_description/share/mini_r1_v1_description/package.ps1'
[0.637s] INFO:colcon.colcon_core.shell:Creating package descriptor '/home/rino/rd3_ws/install/mini_r1_v1_description/share/mini_r1_v1_description/package.dsv'
[0.637s] INFO:colcon.colcon_core.shell:Creating package script '/home/rino/rd3_ws/install/mini_r1_v1_description/share/mini_r1_v1_description/package.sh'
[0.638s] INFO:colcon.colcon_core.shell:Creating package script '/home/rino/rd3_ws/install/mini_r1_v1_description/share/mini_r1_v1_description/package.bash'
[0.638s] INFO:colcon.colcon_core.shell:Creating package script '/home/rino/rd3_ws/install/mini_r1_v1_description/share/mini_r1_v1_description/package.zsh'
[0.639s] Level 1:colcon.colcon_core.environment:create_file_with_runtime_dependencies(/home/rino/rd3_ws/install/mini_r1_v1_description/share/colcon-core/packages/mini_r1_v1_description)
[0.639s] Level 1:colcon.colcon_core.environment:create_environment_scripts_only(mini_r1_v1_gz)
[0.640s] Level 1:colcon.colcon_core.environment:checking '/home/rino/rd3_ws/install/mini_r1_v1_gz' for CMake module files
[0.641s] DEBUG:colcon.colcon_core.event_handler.log_command:Invoked command in '/home/rino/rd3_ws/build/mini_r1_v1_gz' returned '0': CMAKE_PREFIX_PATH=/opt/ros/humble /usr/bin/cmake --install /home/rino/rd3_ws/build/mini_r1_v1_gz
[0.641s] Level 1:colcon.colcon_core.environment:checking '/home/rino/rd3_ws/install/mini_r1_v1_gz' for CMake config files
[0.642s] Level 1:colcon.colcon_core.shell:create_environment_hook('mini_r1_v1_gz', 'cmake_prefix_path')
[0.643s] INFO:colcon.colcon_core.shell:Creating environment hook '/home/rino/rd3_ws/install/mini_r1_v1_gz/share/mini_r1_v1_gz/hook/cmake_prefix_path.ps1'
[0.643s] INFO:colcon.colcon_core.shell:Creating environment descriptor '/home/rino/rd3_ws/install/mini_r1_v1_gz/share/mini_r1_v1_gz/hook/cmake_prefix_path.dsv'
[0.644s] INFO:colcon.colcon_core.shell:Creating environment hook '/home/rino/rd3_ws/install/mini_r1_v1_gz/share/mini_r1_v1_gz/hook/cmake_prefix_path.sh'
[0.645s] Level 1:colcon.colcon_core.environment:checking '/home/rino/rd3_ws/install/mini_r1_v1_gz/bin'
[0.645s] Level 1:colcon.colcon_core.environment:checking '/home/rino/rd3_ws/install/mini_r1_v1_gz/lib/pkgconfig/mini_r1_v1_gz.pc'
[0.645s] Level 1:colcon.colcon_core.environment:checking '/home/rino/rd3_ws/install/mini_r1_v1_gz/lib/python3.10/site-packages'
[0.645s] Level 1:colcon.colcon_core.environment:checking '/home/rino/rd3_ws/install/mini_r1_v1_gz/bin'
[0.645s] INFO:colcon.colcon_core.shell:Creating package script '/home/rino/rd3_ws/install/mini_r1_v1_gz/share/mini_r1_v1_gz/package.ps1'
[0.646s] INFO:colcon.colcon_core.shell:Creating package descriptor '/home/rino/rd3_ws/install/mini_r1_v1_gz/share/mini_r1_v1_gz/package.dsv'
[0.646s] INFO:colcon.colcon_core.shell:Creating package script '/home/rino/rd3_ws/install/mini_r1_v1_gz/share/mini_r1_v1_gz/package.sh'
[0.647s] INFO:colcon.colcon_core.shell:Creating package script '/home/rino/rd3_ws/install/mini_r1_v1_gz/share/mini_r1_v1_gz/package.bash'
[0.648s] INFO:colcon.colcon_core.shell:Creating package script '/home/rino/rd3_ws/install/mini_r1_v1_gz/share/mini_r1_v1_gz/package.zsh'
[0.648s] Level 1:colcon.colcon_core.environment:create_file_with_runtime_dependencies(/home/rino/rd3_ws/install/mini_r1_v1_gz/share/colcon-core/packages/mini_r1_v1_gz)
[0.649s] Level 1:colcon.colcon_core.environment:create_environment_scripts_only(mini_r1_v1_gz)
[0.649s] Level 1:colcon.colcon_core.environment:checking '/home/rino/rd3_ws/install/mini_r1_v1_gz' for CMake module files
[0.649s] Level 1:colcon.colcon_core.environment:checking '/home/rino/rd3_ws/install/mini_r1_v1_gz' for CMake config files
[0.650s] Level 1:colcon.colcon_core.shell:create_environment_hook('mini_r1_v1_gz', 'cmake_prefix_path')
[0.650s] INFO:colcon.colcon_core.shell:Creating environment hook '/home/rino/rd3_ws/install/mini_r1_v1_gz/share/mini_r1_v1_gz/hook/cmake_prefix_path.ps1'
[0.650s] INFO:colcon.colcon_core.shell:Creating environment descriptor '/home/rino/rd3_ws/install/mini_r1_v1_gz/share/mini_r1_v1_gz/hook/cmake_prefix_path.dsv'
[0.650s] INFO:colcon.colcon_core.shell:Creating environment hook '/home/rino/rd3_ws/install/mini_r1_v1_gz/share/mini_r1_v1_gz/hook/cmake_prefix_path.sh'
[0.651s] Level 1:colcon.colcon_core.environment:checking '/home/rino/rd3_ws/install/mini_r1_v1_gz/bin'
[0.651s] Level 1:colcon.colcon_core.environment:checking '/home/rino/rd3_ws/install/mini_r1_v1_gz/lib/pkgconfig/mini_r1_v1_gz.pc'
[0.652s] Level 1:colcon.colcon_core.environment:checking '/home/rino/rd3_ws/install/mini_r1_v1_gz/lib/python3.10/site-packages'
[0.652s] Level 1:colcon.colcon_core.environment:checking '/home/rino/rd3_ws/install/mini_r1_v1_gz/bin'
[0.652s] INFO:colcon.colcon_core.shell:Creating package script '/home/rino/rd3_ws/install/mini_r1_v1_gz/share/mini_r1_v1_gz/package.ps1'
[0.653s] INFO:colcon.colcon_core.shell:Creating package descriptor '/home/rino/rd3_ws/install/mini_r1_v1_gz/share/mini_r1_v1_gz/package.dsv'
[0.654s] INFO:colcon.colcon_core.shell:Creating package script '/home/rino/rd3_ws/install/mini_r1_v1_gz/share/mini_r1_v1_gz/package.sh'
[0.655s] INFO:colcon.colcon_core.shell:Creating package script '/home/rino/rd3_ws/install/mini_r1_v1_gz/share/mini_r1_v1_gz/package.bash'
[0.655s] INFO:colcon.colcon_core.shell:Creating package script '/home/rino/rd3_ws/install/mini_r1_v1_gz/share/mini_r1_v1_gz/package.zsh'
[0.656s] Level 1:colcon.colcon_core.environment:create_file_with_runtime_dependencies(/home/rino/rd3_ws/install/mini_r1_v1_gz/share/colcon-core/packages/mini_r1_v1_gz)
[0.656s] INFO:colcon.colcon_ros.task.ament_cmake.build:Building ROS package in '/home/rino/rd3_ws/src/lumi_r3' with build type 'ament_cmake'
[0.656s] INFO:colcon.colcon_cmake.task.cmake.build:Building CMake package in '/home/rino/rd3_ws/src/lumi_r3'
[0.657s] INFO:colcon.colcon_core.shell:Skip shell extension 'powershell' for command environment: Not usable outside of PowerShell
[0.657s] DEBUG:colcon.colcon_core.shell:Skip shell extension 'dsv' for command environment
[0.678s] DEBUG:colcon.colcon_core.event_handler.log_command:Invoking command in '/home/rino/rd3_ws/build/lumi_r3': AMENT_PREFIX_PATH=/home/rino/rd3_ws/install/mini_r1_v1_gz:/home/rino/rd3_ws/install/mini_r1_v1_description:${AMENT_PREFIX_PATH} CMAKE_PREFIX_PATH=/home/rino/rd3_ws/install/mini_r1_v1_gz:/home/rino/rd3_ws/install/mini_r1_v1_description:/opt/ros/humble /usr/bin/cmake --build /home/rino/rd3_ws/build/lumi_r3 -- -j8 -l8
[1.075s] DEBUG:colcon.colcon_core.event_handler.log_command:Invoked command in '/home/rino/rd3_ws/build/lumi_r3' returned '0': AMENT_PREFIX_PATH=/home/rino/rd3_ws/install/mini_r1_v1_gz:/home/rino/rd3_ws/install/mini_r1_v1_description:${AMENT_PREFIX_PATH} CMAKE_PREFIX_PATH=/home/rino/rd3_ws/install/mini_r1_v1_gz:/home/rino/rd3_ws/install/mini_r1_v1_description:/opt/ros/humble /usr/bin/cmake --build /home/rino/rd3_ws/build/lumi_r3 -- -j8 -l8
[1.081s] DEBUG:colcon.colcon_core.event_handler.log_command:Invoking command in '/home/rino/rd3_ws/build/lumi_r3': AMENT_PREFIX_PATH=/home/rino/rd3_ws/install/mini_r1_v1_gz:/home/rino/rd3_ws/install/mini_r1_v1_description:${AMENT_PREFIX_PATH} CMAKE_PREFIX_PATH=/home/rino/rd3_ws/install/mini_r1_v1_gz:/home/rino/rd3_ws/install/mini_r1_v1_description:/opt/ros/humble /usr/bin/cmake --install /home/rino/rd3_ws/build/lumi_r3
[1.156s] Level 1:colcon.colcon_core.environment:create_environment_scripts_only(lumi_r3)
[1.156s] Level 1:colcon.colcon_core.environment:checking '/home/rino/rd3_ws/install/lumi_r3' for CMake module files
[1.157s] DEBUG:colcon.colcon_core.event_handler.log_command:Invoked command in '/home/rino/rd3_ws/build/lumi_r3' returned '0': AMENT_PREFIX_PATH=/home/rino/rd3_ws/install/mini_r1_v1_gz:/home/rino/rd3_ws/install/mini_r1_v1_description:${AMENT_PREFIX_PATH} CMAKE_PREFIX_PATH=/home/rino/rd3_ws/install/mini_r1_v1_gz:/home/rino/rd3_ws/install/mini_r1_v1_description:/opt/ros/humble /usr/bin/cmake --install /home/rino/rd3_ws/build/lumi_r3
[1.158s] Level 1:colcon.colcon_core.environment:checking '/home/rino/rd3_ws/install/lumi_r3' for CMake config files
[1.159s] Level 1:colcon.colcon_core.shell:create_environment_hook('lumi_r3', 'cmake_prefix_path')
[1.159s] INFO:colcon.colcon_core.shell:Creating environment hook '/home/rino/rd3_ws/install/lumi_r3/share/lumi_r3/hook/cmake_prefix_path.ps1'
[1.160s] INFO:colcon.colcon_core.shell:Creating environment descriptor '/home/rino/rd3_ws/install/lumi_r3/share/lumi_r3/hook/cmake_prefix_path.dsv'
[1.160s] INFO:colcon.colcon_core.shell:Creating environment hook '/home/rino/rd3_ws/install/lumi_r3/share/lumi_r3/hook/cmake_prefix_path.sh'
[1.161s] Level 1:colcon.colcon_core.environment:checking '/home/rino/rd3_ws/install/lumi_r3/lib'
[1.161s] Level 1:colcon.colcon_core.environment:checking '/home/rino/rd3_ws/install/lumi_r3/bin'
[1.161s] Level 1:colcon.colcon_core.environment:checking '/home/rino/rd3_ws/install/lumi_r3/lib/pkgconfig/lumi_r3.pc'
[1.161s] Level 1:colcon.colcon_core.environment:checking '/home/rino/rd3_ws/install/lumi_r3/lib/python3.10/site-packages'
[1.162s] Level 1:colcon.colcon_core.environment:checking '/home/rino/rd3_ws/install/lumi_r3/bin'
[1.162s] INFO:colcon.colcon_core.shell:Creating package script '/home/rino/rd3_ws/install/lumi_r3/share/lumi_r3/package.ps1'
[1.162s] INFO:colcon.colcon_core.shell:Creating package descriptor '/home/rino/rd3_ws/install/lumi_r3/share/lumi_r3/package.dsv'
[1.163s] INFO:colcon.colcon_core.shell:Creating package script '/home/rino/rd3_ws/install/lumi_r3/share/lumi_r3/package.sh'
[1.163s] INFO:colcon.colcon_core.shell:Creating package script '/home/rino/rd3_ws/install/lumi_r3/share/lumi_r3/package.bash'
[1.164s] INFO:colcon.colcon_core.shell:Creating package script '/home/rino/rd3_ws/install/lumi_r3/share/lumi_r3/package.zsh'
[1.164s] Level 1:colcon.colcon_core.environment:create_file_with_runtime_dependencies(/home/rino/rd3_ws/install/lumi_r3/share/colcon-core/packages/lumi_r3)
[1.166s] Level 1:colcon.colcon_core.environment:create_environment_scripts_only(lumi_r3)
[1.166s] Level 1:colcon.colcon_core.environment:checking '/home/rino/rd3_ws/install/lumi_r3' for CMake module files
[1.167s] Level 1:colcon.colcon_core.environment:checking '/home/rino/rd3_ws/install/lumi_r3' for CMake config files
[1.168s] Level 1:colcon.colcon_core.shell:create_environment_hook('lumi_r3', 'cmake_prefix_path')
[1.168s] INFO:colcon.colcon_core.shell:Creating environment hook '/home/rino/rd3_ws/install/lumi_r3/share/lumi_r3/hook/cmake_prefix_path.ps1'
[1.169s] INFO:colcon.colcon_core.shell:Creating environment descriptor '/home/rino/rd3_ws/install/lumi_r3/share/lumi_r3/hook/cmake_prefix_path.dsv'
[1.169s] INFO:colcon.colcon_core.shell:Creating environment hook '/home/rino/rd3_ws/install/lumi_r3/share/lumi_r3/hook/cmake_prefix_path.sh'
[1.170s] Level 1:colcon.colcon_core.environment:checking '/home/rino/rd3_ws/install/lumi_r3/lib'
[1.170s] Level 1:colcon.colcon_core.environment:checking '/home/rino/rd3_ws/install/lumi_r3/bin'
[1.170s] Level 1:colcon.colcon_core.environment:checking '/home/rino/rd3_ws/install/lumi_r3/lib/pkgconfig/lumi_r3.pc'
[1.170s] Level 1:colcon.colcon_core.environment:checking '/home/rino/rd3_ws/install/lumi_r3/lib/python3.10/site-packages'
[1.170s] Level 1:colcon.colcon_core.environment:checking '/home/rino/rd3_ws/install/lumi_r3/bin'
[1.170s] INFO:colcon.colcon_core.shell:Creating package script '/home/rino/rd3_ws/install/lumi_r3/share/lumi_r3/package.ps1'
[1.171s] INFO:colcon.colcon_core.shell:Creating package descriptor '/home/rino/rd3_ws/install/lumi_r3/share/lumi_r3/package.dsv'
[1.171s] INFO:colcon.colcon_core.shell:Creating package script '/home/rino/rd3_ws/install/lumi_r3/share/lumi_r3/package.sh'
[1.172s] INFO:colcon.colcon_core.shell:Creating package script '/home/rino/rd3_ws/install/lumi_r3/share/lumi_r3/package.bash'
[1.172s] INFO:colcon.colcon_core.shell:Creating package script '/home/rino/rd3_ws/install/lumi_r3/share/lumi_r3/package.zsh'
[1.173s] Level 1:colcon.colcon_core.environment:create_file_with_runtime_dependencies(/home/rino/rd3_ws/install/lumi_r3/share/colcon-core/packages/lumi_r3)
[1.173s] DEBUG:colcon.colcon_parallel_executor.executor.parallel:closing loop
[1.173s] DEBUG:colcon.colcon_parallel_executor.executor.parallel:loop closed
[1.173s] DEBUG:colcon.colcon_parallel_executor.executor.parallel:run_until_complete finished with '0'
[1.174s] DEBUG:colcon.colcon_core.event_reactor:joining thread
[1.182s] INFO:colcon.colcon_core.plugin_system:Skipping extension 'colcon_notification.desktop_notification.terminal_notifier': Not used on non-Darwin systems
[1.182s] INFO:colcon.colcon_core.plugin_system:Skipping extension 'colcon_notification.desktop_notification.win32': Not used on non-Windows systems
[1.182s] INFO:colcon.colcon_notification.desktop_notification:Sending desktop notification using 'notify2'
[1.215s] DEBUG:colcon.colcon_core.event_reactor:joined thread
[1.215s] INFO:colcon.colcon_core.shell:Creating prefix script '/home/rino/rd3_ws/install/local_setup.ps1'
[1.216s] INFO:colcon.colcon_core.shell:Creating prefix util module '/home/rino/rd3_ws/install/_local_setup_util_ps1.py'
[1.218s] INFO:colcon.colcon_core.shell:Creating prefix chain script '/home/rino/rd3_ws/install/setup.ps1'
[1.219s] INFO:colcon.colcon_core.shell:Creating prefix script '/home/rino/rd3_ws/install/local_setup.sh'
[1.220s] INFO:colcon.colcon_core.shell:Creating prefix util module '/home/rino/rd3_ws/install/_local_setup_util_sh.py'
[1.221s] INFO:colcon.colcon_core.shell:Creating prefix chain script '/home/rino/rd3_ws/install/setup.sh'
[1.222s] INFO:colcon.colcon_core.shell:Creating prefix script '/home/rino/rd3_ws/install/local_setup.bash'
[1.222s] INFO:colcon.colcon_core.shell:Creating prefix chain script '/home/rino/rd3_ws/install/setup.bash'
[1.223s] INFO:colcon.colcon_core.shell:Creating prefix script '/home/rino/rd3_ws/install/local_setup.zsh'
[1.224s] INFO:colcon.colcon_core.shell:Creating prefix chain script '/home/rino/rd3_ws/install/setup.zsh'
