[0.161s] DEBUG:colcon:Command line arguments: ['/usr/bin/colcon', 'build']
[0.161s] DEBUG:colcon:Parsed command line arguments: Namespace(log_base=None, log_level=None, verb_name='build', build_base='build', install_base='install', merge_install=False, symlink_install=False, test_result_base=None, continue_on_error=False, executor='parallel', parallel_workers=8, event_handlers=None, ignore_user_meta=False, metas=['./colcon.meta'], base_paths=['.'], packages_ignore=None, packages_ignore_regex=None, paths=None, packages_up_to=None, packages_up_to_regex=None, packages_above=None, packages_above_and_dependencies=None, packages_above_depth=None, packages_select_by_dep=None, packages_skip_by_dep=None, packages_skip_up_to=None, packages_select_build_failed=False, packages_skip_build_finished=False, packages_select_test_failures=False, packages_skip_test_passed=False, packages_select=None, packages_skip=None, packages_select_regex=None, packages_skip_regex=None, packages_start=None, packages_end=None, allow_overriding=[], cmake_args=None, cmake_target=None, cmake_target_skip_unavailable=False, cmake_clean_cache=False, cmake_clean_first=False, cmake_force_configure=False, ament_cmake_args=None, catkin_cmake_args=None, catkin_skip_building_tests=False, mixin_files=None, mixin=None, verb_parser=<colcon_mixin.mixin.mixin_argument.MixinArgumentDecorator object at 0x78fe0c4675b0>, verb_extension=<colcon_core.verb.build.BuildVerb object at 0x78fe0c5b0550>, main=<bound method BuildVerb.main of <colcon_core.verb.build.BuildVerb object at 0x78fe0c5b0550>>, mixin_verb=('build',))
[0.432s] Level 1:colcon.colcon_core.package_discovery:discover_packages(colcon_meta) check parameters
[0.433s] Level 1:colcon.colcon_core.package_discovery:discover_packages(recursive) check parameters
[0.433s] Level 1:colcon.colcon_core.package_discovery:discover_packages(ignore) check parameters
[0.433s] Level 1:colcon.colcon_core.package_discovery:discover_packages(path) check parameters
[0.433s] Level 1:colcon.colcon_core.package_discovery:discover_packages(colcon_meta) discover
[0.433s] Level 1:colcon.colcon_core.package_discovery:discover_packages(recursive) discover
[0.433s] INFO:colcon.colcon_core.package_discovery:Crawling recursively for packages in '/home/rino/rd3_ws'
[0.433s] Level 1:colcon.colcon_core.package_identification:_identify(.) by extensions ['ignore', 'ignore_ament_install']
[0.433s] Level 1:colcon.colcon_core.package_identification:_identify(.) by extension 'ignore'
[0.433s] Level 1:colcon.colcon_core.package_identification:_identify(.) by extension 'ignore_ament_install'
[0.433s] Level 1:colcon.colcon_core.package_identification:_identify(.) by extensions ['colcon_pkg']
[0.433s] Level 1:colcon.colcon_core.package_identification:_identify(.) by extension 'colcon_pkg'
[0.433s] Level 1:colcon.colcon_core.package_identification:_identify(.) by extensions ['colcon_meta']
[0.433s] Level 1:colcon.colcon_core.package_identification:_identify(.) by extension 'colcon_meta'
[0.434s] Level 1:colcon.colcon_core.package_identification:_identify(.) by extensions ['ros']
[0.434s] Level 1:colcon.colcon_core.package_identification:_identify(.) by extension 'ros'
[0.447s] Level 1:colcon.colcon_core.package_identification:_identify(.) by extensions ['cmake', 'python']
[0.447s] Level 1:colcon.colcon_core.package_identification:_identify(.) by extension 'cmake'
[0.447s] Level 1:colcon.colcon_core.package_identification:_identify(.) by extension 'python'
[0.447s] Level 1:colcon.colcon_core.package_identification:_identify(.) by extensions ['python_setup_py']
[0.447s] Level 1:colcon.colcon_core.package_identification:_identify(.) by extension 'python_setup_py'
[0.447s] Level 1:colcon.colcon_core.package_identification:_identify(build) by extensions ['ignore', 'ignore_ament_install']
[0.447s] Level 1:colcon.colcon_core.package_identification:_identify(build) by extension 'ignore'
[0.447s] Level 1:colcon.colcon_core.package_identification:_identify(build) ignored
[0.447s] Level 1:colcon.colcon_core.package_identification:_identify(install) by extensions ['ignore', 'ignore_ament_install']
[0.447s] Level 1:colcon.colcon_core.package_identification:_identify(install) by extension 'ignore'
[0.448s] Level 1:colcon.colcon_core.package_identification:_identify(install) ignored
[0.448s] Level 1:colcon.colcon_core.package_identification:_identify(log) by extensions ['ignore', 'ignore_ament_install']
[0.448s] Level 1:colcon.colcon_core.package_identification:_identify(log) by extension 'ignore'
[0.448s] Level 1:colcon.colcon_core.package_identification:_identify(log) ignored
[0.448s] Level 1:colcon.colcon_core.package_identification:_identify(src) by extensions ['ignore', 'ignore_ament_install']
[0.448s] Level 1:colcon.colcon_core.package_identification:_identify(src) by extension 'ignore'
[0.448s] Level 1:colcon.colcon_core.package_identification:_identify(src) by extension 'ignore_ament_install'
[0.448s] Level 1:colcon.colcon_core.package_identification:_identify(src) by extensions ['colcon_pkg']
[0.448s] Level 1:colcon.colcon_core.package_identification:_identify(src) by extension 'colcon_pkg'
[0.448s] Level 1:colcon.colcon_core.package_identification:_identify(src) by extensions ['colcon_meta']
[0.448s] Level 1:colcon.colcon_core.package_identification:_identify(src) by extension 'colcon_meta'
[0.448s] Level 1:colcon.colcon_core.package_identification:_identify(src) by extensions ['ros']
[0.448s] Level 1:colcon.colcon_core.package_identification:_identify(src) by extension 'ros'
[0.448s] Level 1:colcon.colcon_core.package_identification:_identify(src) by extensions ['cmake', 'python']
[0.448s] Level 1:colcon.colcon_core.package_identification:_identify(src) by extension 'cmake'
[0.448s] Level 1:colcon.colcon_core.package_identification:_identify(src) by extension 'python'
[0.448s] Level 1:colcon.colcon_core.package_identification:_identify(src) by extensions ['python_setup_py']
[0.449s] Level 1:colcon.colcon_core.package_identification:_identify(src) by extension 'python_setup_py'
[0.449s] Level 1:colcon.colcon_core.package_identification:_identify(src/lumi_r3) by extensions ['ignore', 'ignore_ament_install']
[0.449s] Level 1:colcon.colcon_core.package_identification:_identify(src/lumi_r3) by extension 'ignore'
[0.449s] Level 1:colcon.colcon_core.package_identification:_identify(src/lumi_r3) by extension 'ignore_ament_install'
[0.449s] Level 1:colcon.colcon_core.package_identification:_identify(src/lumi_r3) by extensions ['colcon_pkg']
[0.449s] Level 1:colcon.colcon_core.package_identification:_identify(src/lumi_r3) by extension 'colcon_pkg'
[0.449s] Level 1:colcon.colcon_core.package_identification:_identify(src/lumi_r3) by extensions ['colcon_meta']
[0.449s] Level 1:colcon.colcon_core.package_identification:_identify(src/lumi_r3) by extension 'colcon_meta'
[0.449s] Level 1:colcon.colcon_core.package_identification:_identify(src/lumi_r3) by extensions ['ros']
[0.449s] Level 1:colcon.colcon_core.package_identification:_identify(src/lumi_r3) by extension 'ros'
[0.475s] DEBUG:colcon.colcon_core.package_identification:Package 'src/lumi_r3' with type 'ros.ament_cmake' and name 'lumi_r3'
[0.475s] Level 1:colcon.colcon_core.package_identification:_identify(src/mini_r1_v1_description) by extensions ['ignore', 'ignore_ament_install']
[0.475s] Level 1:colcon.colcon_core.package_identification:_identify(src/mini_r1_v1_description) by extension 'ignore'
[0.475s] Level 1:colcon.colcon_core.package_identification:_identify(src/mini_r1_v1_description) by extension 'ignore_ament_install'
[0.475s] Level 1:colcon.colcon_core.package_identification:_identify(src/mini_r1_v1_description) by extensions ['colcon_pkg']
[0.475s] Level 1:colcon.colcon_core.package_identification:_identify(src/mini_r1_v1_description) by extension 'colcon_pkg'
[0.475s] Level 1:colcon.colcon_core.package_identification:_identify(src/mini_r1_v1_description) by extensions ['colcon_meta']
[0.475s] Level 1:colcon.colcon_core.package_identification:_identify(src/mini_r1_v1_description) by extension 'colcon_meta'
[0.476s] Level 1:colcon.colcon_core.package_identification:_identify(src/mini_r1_v1_description) by extensions ['ros']
[0.476s] Level 1:colcon.colcon_core.package_identification:_identify(src/mini_r1_v1_description) by extension 'ros'
[0.476s] DEBUG:colcon.colcon_core.package_identification:Package 'src/mini_r1_v1_description' with type 'ros.ament_cmake' and name 'mini_r1_v1_description'
[0.477s] Level 1:colcon.colcon_core.package_identification:_identify(src/mini_r1_v1_gz) by extensions ['ignore', 'ignore_ament_install']
[0.477s] Level 1:colcon.colcon_core.package_identification:_identify(src/mini_r1_v1_gz) by extension 'ignore'
[0.477s] Level 1:colcon.colcon_core.package_identification:_identify(src/mini_r1_v1_gz) by extension 'ignore_ament_install'
[0.477s] Level 1:colcon.colcon_core.package_identification:_identify(src/mini_r1_v1_gz) by extensions ['colcon_pkg']
[0.477s] Level 1:colcon.colcon_core.package_identification:_identify(src/mini_r1_v1_gz) by extension 'colcon_pkg'
[0.477s] Level 1:colcon.colcon_core.package_identification:_identify(src/mini_r1_v1_gz) by extensions ['colcon_meta']
[0.477s] Level 1:colcon.colcon_core.package_identification:_identify(src/mini_r1_v1_gz) by extension 'colcon_meta'
[0.477s] Level 1:colcon.colcon_core.package_identification:_identify(src/mini_r1_v1_gz) by extensions ['ros']
[0.477s] Level 1:colcon.colcon_core.package_identification:_identify(src/mini_r1_v1_gz) by extension 'ros'
[0.478s] DEBUG:colcon.colcon_core.package_identification:Package 'src/mini_r1_v1_gz' with type 'ros.ament_cmake' and name 'mini_r1_v1_gz'
[0.478s] Level 1:colcon.colcon_core.package_discovery:discover_packages(recursive) using defaults
[0.478s] Level 1:colcon.colcon_core.package_discovery:discover_packages(ignore) discover
[0.478s] Level 1:colcon.colcon_core.package_discovery:discover_packages(ignore) using defaults
[0.478s] Level 1:colcon.colcon_core.package_discovery:discover_packages(path) discover
[0.478s] Level 1:colcon.colcon_core.package_discovery:discover_packages(path) using defaults
[0.510s] Level 1:colcon.colcon_core.package_discovery:discover_packages(prefix_path) check parameters
[0.510s] Level 1:colcon.colcon_core.package_discovery:discover_packages(prefix_path) discover
[0.511s] WARNING:colcon.colcon_core.prefix_path.colcon:The path '/home/rino/hack_ws/install' in the environment variable COLCON_PREFIX_PATH doesn't exist
[0.511s] WARNING:colcon.colcon_core.prefix_path.colcon:The path '/home/rino/hack_ws/src/explorer_pkg/install' in the environment variable COLCON_PREFIX_PATH doesn't exist
[0.512s] WARNING:colcon.colcon_ros.prefix_path.ament:The path '/home/rino/rd3_ws/install/lumi_r3' in the environment variable AMENT_PREFIX_PATH doesn't exist
[0.512s] WARNING:colcon.colcon_ros.prefix_path.ament:The path '/home/rino/rd3_ws/install/mini_r1_v1_gz' in the environment variable AMENT_PREFIX_PATH doesn't exist
[0.512s] WARNING:colcon.colcon_ros.prefix_path.ament:The path '/home/rino/rd3_ws/install/mini_r1_v1_description' in the environment variable AMENT_PREFIX_PATH doesn't exist
[0.513s] WARNING:colcon.colcon_ros.prefix_path.ament:The path '/home/rino/hack_ws/src/explorer_pkg/install/explorer_pkg' in the environment variable AMENT_PREFIX_PATH doesn't exist
[0.513s] WARNING:colcon.colcon_ros.prefix_path.ament:The path '/home/rino/hack_ws/install/explorer_pkg' in the environment variable AMENT_PREFIX_PATH doesn't exist
[0.513s] WARNING:colcon.colcon_ros.prefix_path.catkin:The path '/home/rino/rd3_ws/install/lumi_r3' in the environment variable CMAKE_PREFIX_PATH doesn't exist
[0.513s] WARNING:colcon.colcon_ros.prefix_path.catkin:The path '/home/rino/rd3_ws/install/mini_r1_v1_gz' in the environment variable CMAKE_PREFIX_PATH doesn't exist
[0.513s] WARNING:colcon.colcon_ros.prefix_path.catkin:The path '/home/rino/rd3_ws/install/mini_r1_v1_description' in the environment variable CMAKE_PREFIX_PATH doesn't exist
[0.515s] DEBUG:colcon.colcon_installed_package_information.package_discovery:Found 0 installed packages in /home/rino/rd3_ws/install
[0.516s] DEBUG:colcon.colcon_installed_package_information.package_discovery:Found 4 installed packages in /home/rino/ros2_ws/install
[0.519s] DEBUG:colcon.colcon_installed_package_information.package_discovery:Found 457 installed packages in /opt/ros/humble
[0.524s] Level 1:colcon.colcon_core.package_discovery:discover_packages(prefix_path) using defaults
[0.604s] Level 5:colcon.colcon_core.verb:set package 'mini_r1_v1_description' build argument 'cmake_args' from command line to 'None'
[0.604s] Level 5:colcon.colcon_core.verb:set package 'mini_r1_v1_description' build argument 'cmake_target' from command line to 'None'
[0.604s] Level 5:colcon.colcon_core.verb:set package 'mini_r1_v1_description' build argument 'cmake_target_skip_unavailable' from command line to 'False'
[0.604s] Level 5:colcon.colcon_core.verb:set package 'mini_r1_v1_description' build argument 'cmake_clean_cache' from command line to 'False'
[0.605s] Level 5:colcon.colcon_core.verb:set package 'mini_r1_v1_description' build argument 'cmake_clean_first' from command line to 'False'
[0.605s] Level 5:colcon.colcon_core.verb:set package 'mini_r1_v1_description' build argument 'cmake_force_configure' from command line to 'False'
[0.605s] Level 5:colcon.colcon_core.verb:set package 'mini_r1_v1_description' build argument 'ament_cmake_args' from command line to 'None'
[0.605s] Level 5:colcon.colcon_core.verb:set package 'mini_r1_v1_description' build argument 'catkin_cmake_args' from command line to 'None'
[0.605s] Level 5:colcon.colcon_core.verb:set package 'mini_r1_v1_description' build argument 'catkin_skip_building_tests' from command line to 'False'
[0.605s] DEBUG:colcon.colcon_core.verb:Building package 'mini_r1_v1_description' with the following arguments: {'ament_cmake_args': None, 'build_base': '/home/rino/rd3_ws/build/mini_r1_v1_description', 'catkin_cmake_args': None, 'catkin_skip_building_tests': False, 'cmake_args': None, 'cmake_clean_cache': False, 'cmake_clean_first': False, 'cmake_force_configure': False, 'cmake_target': None, 'cmake_target_skip_unavailable': False, 'install_base': '/home/rino/rd3_ws/install/mini_r1_v1_description', 'merge_install': False, 'path': '/home/rino/rd3_ws/src/mini_r1_v1_description', 'symlink_install': False, 'test_result_base': None}
[0.605s] Level 5:colcon.colcon_core.verb:set package 'mini_r1_v1_gz' build argument 'cmake_args' from command line to 'None'
[0.605s] Level 5:colcon.colcon_core.verb:set package 'mini_r1_v1_gz' build argument 'cmake_target' from command line to 'None'
[0.605s] Level 5:colcon.colcon_core.verb:set package 'mini_r1_v1_gz' build argument 'cmake_target_skip_unavailable' from command line to 'False'
[0.605s] Level 5:colcon.colcon_core.verb:set package 'mini_r1_v1_gz' build argument 'cmake_clean_cache' from command line to 'False'
[0.605s] Level 5:colcon.colcon_core.verb:set package 'mini_r1_v1_gz' build argument 'cmake_clean_first' from command line to 'False'
[0.605s] Level 5:colcon.colcon_core.verb:set package 'mini_r1_v1_gz' build argument 'cmake_force_configure' from command line to 'False'
[0.605s] Level 5:colcon.colcon_core.verb:set package 'mini_r1_v1_gz' build argument 'ament_cmake_args' from command line to 'None'
[0.605s] Level 5:colcon.colcon_core.verb:set package 'mini_r1_v1_gz' build argument 'catkin_cmake_args' from command line to 'None'
[0.605s] Level 5:colcon.colcon_core.verb:set package 'mini_r1_v1_gz' build argument 'catkin_skip_building_tests' from command line to 'False'
[0.605s] DEBUG:colcon.colcon_core.verb:Building package 'mini_r1_v1_gz' with the following arguments: {'ament_cmake_args': None, 'build_base': '/home/rino/rd3_ws/build/mini_r1_v1_gz', 'catkin_cmake_args': None, 'catkin_skip_building_tests': False, 'cmake_args': None, 'cmake_clean_cache': False, 'cmake_clean_first': False, 'cmake_force_configure': False, 'cmake_target': None, 'cmake_target_skip_unavailable': False, 'install_base': '/home/rino/rd3_ws/install/mini_r1_v1_gz', 'merge_install': False, 'path': '/home/rino/rd3_ws/src/mini_r1_v1_gz', 'symlink_install': False, 'test_result_base': None}
[0.606s] Level 5:colcon.colcon_core.verb:set package 'lumi_r3' build argument 'cmake_args' from command line to 'None'
[0.606s] Level 5:colcon.colcon_core.verb:set package 'lumi_r3' build argument 'cmake_target' from command line to 'None'
[0.606s] Level 5:colcon.colcon_core.verb:set package 'lumi_r3' build argument 'cmake_target_skip_unavailable' from command line to 'False'
[0.606s] Level 5:colcon.colcon_core.verb:set package 'lumi_r3' build argument 'cmake_clean_cache' from command line to 'False'
[0.606s] Level 5:colcon.colcon_core.verb:set package 'lumi_r3' build argument 'cmake_clean_first' from command line to 'False'
[0.606s] Level 5:colcon.colcon_core.verb:set package 'lumi_r3' build argument 'cmake_force_configure' from command line to 'False'
[0.606s] Level 5:colcon.colcon_core.verb:set package 'lumi_r3' build argument 'ament_cmake_args' from command line to 'None'
[0.606s] Level 5:colcon.colcon_core.verb:set package 'lumi_r3' build argument 'catkin_cmake_args' from command line to 'None'
[0.606s] Level 5:colcon.colcon_core.verb:set package 'lumi_r3' build argument 'catkin_skip_building_tests' from command line to 'False'
[0.606s] DEBUG:colcon.colcon_core.verb:Building package 'lumi_r3' with the following arguments: {'ament_cmake_args': None, 'build_base': '/home/rino/rd3_ws/build/lumi_r3', 'catkin_cmake_args': None, 'catkin_skip_building_tests': False, 'cmake_args': None, 'cmake_clean_cache': False, 'cmake_clean_first': False, 'cmake_force_configure': False, 'cmake_target': None, 'cmake_target_skip_unavailable': False, 'install_base': '/home/rino/rd3_ws/install/lumi_r3', 'merge_install': False, 'path': '/home/rino/rd3_ws/src/lumi_r3', 'symlink_install': False, 'test_result_base': None}
[0.606s] INFO:colcon.colcon_core.executor:Executing jobs using 'parallel' executor
[0.608s] DEBUG:colcon.colcon_parallel_executor.executor.parallel:run_until_complete
[0.608s] INFO:colcon.colcon_ros.task.ament_cmake.build:Building ROS package in '/home/rino/rd3_ws/src/mini_r1_v1_description' with build type 'ament_cmake'
[0.609s] INFO:colcon.colcon_cmake.task.cmake.build:Building CMake package in '/home/rino/rd3_ws/src/mini_r1_v1_description'
[0.611s] INFO:colcon.colcon_core.plugin_system:Skipping extension 'colcon_core.shell.bat': Not used on non-Windows systems
[0.612s] INFO:colcon.colcon_core.shell:Skip shell extension 'powershell' for command environment: Not usable outside of PowerShell
[0.612s] DEBUG:colcon.colcon_core.shell:Skip shell extension 'dsv' for command environment
[0.619s] INFO:colcon.colcon_ros.task.ament_cmake.build:Building ROS package in '/home/rino/rd3_ws/src/mini_r1_v1_gz' with build type 'ament_cmake'
[0.619s] INFO:colcon.colcon_cmake.task.cmake.build:Building CMake package in '/home/rino/rd3_ws/src/mini_r1_v1_gz'
[0.619s] INFO:colcon.colcon_core.shell:Skip shell extension 'powershell' for command environment: Not usable outside of PowerShell
[0.619s] DEBUG:colcon.colcon_core.shell:Skip shell extension 'dsv' for command environment
[0.637s] DEBUG:colcon.colcon_core.event_handler.log_command:Invoking command in '/home/rino/rd3_ws/build/mini_r1_v1_description': CMAKE_PREFIX_PATH=${CMAKE_PREFIX_PATH}:/home/rino/ros2_ws/install/decision_pkg:/home/rino/hack_ws/src/explorer_pkg/install/explorer_pkg:/home/rino/hack_ws/install/explorer_pkg:/opt/ros/humble /usr/bin/cmake /home/rino/rd3_ws/src/mini_r1_v1_description -DCMAKE_INSTALL_PREFIX=/home/rino/rd3_ws/install/mini_r1_v1_description
[0.645s] DEBUG:colcon.colcon_core.event_handler.log_command:Invoking command in '/home/rino/rd3_ws/build/mini_r1_v1_gz': CMAKE_PREFIX_PATH=${CMAKE_PREFIX_PATH}:/home/rino/ros2_ws/install/decision_pkg:/home/rino/hack_ws/src/explorer_pkg/install/explorer_pkg:/home/rino/hack_ws/install/explorer_pkg:/opt/ros/humble /usr/bin/cmake /home/rino/rd3_ws/src/mini_r1_v1_gz -DCMAKE_INSTALL_PREFIX=/home/rino/rd3_ws/install/mini_r1_v1_gz
[2.880s] DEBUG:colcon.colcon_core.event_handler.log_command:Invoked command in '/home/rino/rd3_ws/build/mini_r1_v1_gz' returned '0': CMAKE_PREFIX_PATH=${CMAKE_PREFIX_PATH}:/home/rino/ros2_ws/install/decision_pkg:/home/rino/hack_ws/src/explorer_pkg/install/explorer_pkg:/home/rino/hack_ws/install/explorer_pkg:/opt/ros/humble /usr/bin/cmake /home/rino/rd3_ws/src/mini_r1_v1_gz -DCMAKE_INSTALL_PREFIX=/home/rino/rd3_ws/install/mini_r1_v1_gz
[2.886s] DEBUG:colcon.colcon_core.event_handler.log_command:Invoking command in '/home/rino/rd3_ws/build/mini_r1_v1_gz': CMAKE_PREFIX_PATH=${CMAKE_PREFIX_PATH}:/home/rino/ros2_ws/install/decision_pkg:/home/rino/hack_ws/src/explorer_pkg/install/explorer_pkg:/home/rino/hack_ws/install/explorer_pkg:/opt/ros/humble /usr/bin/cmake --build /home/rino/rd3_ws/build/mini_r1_v1_gz -- -j8 -l8
[2.968s] DEBUG:colcon.colcon_core.event_handler.log_command:Invoked command in '/home/rino/rd3_ws/build/mini_r1_v1_gz' returned '0': CMAKE_PREFIX_PATH=${CMAKE_PREFIX_PATH}:/home/rino/ros2_ws/install/decision_pkg:/home/rino/hack_ws/src/explorer_pkg/install/explorer_pkg:/home/rino/hack_ws/install/explorer_pkg:/opt/ros/humble /usr/bin/cmake --build /home/rino/rd3_ws/build/mini_r1_v1_gz -- -j8 -l8
[2.991s] DEBUG:colcon.colcon_core.event_handler.log_command:Invoking command in '/home/rino/rd3_ws/build/mini_r1_v1_gz': CMAKE_PREFIX_PATH=${CMAKE_PREFIX_PATH}:/home/rino/ros2_ws/install/decision_pkg:/home/rino/hack_ws/src/explorer_pkg/install/explorer_pkg:/home/rino/hack_ws/install/explorer_pkg:/opt/ros/humble /usr/bin/cmake --install /home/rino/rd3_ws/build/mini_r1_v1_gz
[3.010s] Level 1:colcon.colcon_core.environment:create_environment_scripts_only(mini_r1_v1_gz)
[3.011s] DEBUG:colcon.colcon_core.event_handler.log_command:Invoked command in '/home/rino/rd3_ws/build/mini_r1_v1_gz' returned '0': CMAKE_PREFIX_PATH=${CMAKE_PREFIX_PATH}:/home/rino/ros2_ws/install/decision_pkg:/home/rino/hack_ws/src/explorer_pkg/install/explorer_pkg:/home/rino/hack_ws/install/explorer_pkg:/opt/ros/humble /usr/bin/cmake --install /home/rino/rd3_ws/build/mini_r1_v1_gz
[3.014s] Level 1:colcon.colcon_core.environment:checking '/home/rino/rd3_ws/install/mini_r1_v1_gz' for CMake module files
[3.014s] Level 1:colcon.colcon_core.environment:checking '/home/rino/rd3_ws/install/mini_r1_v1_gz' for CMake config files
[3.015s] Level 1:colcon.colcon_core.shell:create_environment_hook('mini_r1_v1_gz', 'cmake_prefix_path')
[3.015s] INFO:colcon.colcon_core.shell:Creating environment hook '/home/rino/rd3_ws/install/mini_r1_v1_gz/share/mini_r1_v1_gz/hook/cmake_prefix_path.ps1'
[3.016s] INFO:colcon.colcon_core.shell:Creating environment descriptor '/home/rino/rd3_ws/install/mini_r1_v1_gz/share/mini_r1_v1_gz/hook/cmake_prefix_path.dsv'
[3.016s] INFO:colcon.colcon_core.shell:Creating environment hook '/home/rino/rd3_ws/install/mini_r1_v1_gz/share/mini_r1_v1_gz/hook/cmake_prefix_path.sh'
[3.017s] Level 1:colcon.colcon_core.environment:checking '/home/rino/rd3_ws/install/mini_r1_v1_gz/bin'
[3.017s] Level 1:colcon.colcon_core.environment:checking '/home/rino/rd3_ws/install/mini_r1_v1_gz/lib/pkgconfig/mini_r1_v1_gz.pc'
[3.018s] Level 1:colcon.colcon_core.environment:checking '/home/rino/rd3_ws/install/mini_r1_v1_gz/lib/python3.10/site-packages'
[3.018s] Level 1:colcon.colcon_core.environment:checking '/home/rino/rd3_ws/install/mini_r1_v1_gz/bin'
[3.018s] INFO:colcon.colcon_core.shell:Creating package script '/home/rino/rd3_ws/install/mini_r1_v1_gz/share/mini_r1_v1_gz/package.ps1'
[3.019s] INFO:colcon.colcon_core.shell:Creating package descriptor '/home/rino/rd3_ws/install/mini_r1_v1_gz/share/mini_r1_v1_gz/package.dsv'
[3.020s] INFO:colcon.colcon_core.shell:Creating package script '/home/rino/rd3_ws/install/mini_r1_v1_gz/share/mini_r1_v1_gz/package.sh'
[3.022s] INFO:colcon.colcon_core.shell:Creating package script '/home/rino/rd3_ws/install/mini_r1_v1_gz/share/mini_r1_v1_gz/package.bash'
[3.023s] INFO:colcon.colcon_core.shell:Creating package script '/home/rino/rd3_ws/install/mini_r1_v1_gz/share/mini_r1_v1_gz/package.zsh'
[3.029s] Level 1:colcon.colcon_core.environment:create_file_with_runtime_dependencies(/home/rino/rd3_ws/install/mini_r1_v1_gz/share/colcon-core/packages/mini_r1_v1_gz)
[3.032s] Level 1:colcon.colcon_core.environment:create_environment_scripts_only(mini_r1_v1_gz)
[3.032s] Level 1:colcon.colcon_core.environment:checking '/home/rino/rd3_ws/install/mini_r1_v1_gz' for CMake module files
[3.041s] Level 1:colcon.colcon_core.environment:checking '/home/rino/rd3_ws/install/mini_r1_v1_gz' for CMake config files
[3.042s] Level 1:colcon.colcon_core.shell:create_environment_hook('mini_r1_v1_gz', 'cmake_prefix_path')
[3.043s] INFO:colcon.colcon_core.shell:Creating environment hook '/home/rino/rd3_ws/install/mini_r1_v1_gz/share/mini_r1_v1_gz/hook/cmake_prefix_path.ps1'
[3.045s] INFO:colcon.colcon_core.shell:Creating environment descriptor '/home/rino/rd3_ws/install/mini_r1_v1_gz/share/mini_r1_v1_gz/hook/cmake_prefix_path.dsv'
[3.046s] INFO:colcon.colcon_core.shell:Creating environment hook '/home/rino/rd3_ws/install/mini_r1_v1_gz/share/mini_r1_v1_gz/hook/cmake_prefix_path.sh'
[3.048s] Level 1:colcon.colcon_core.environment:checking '/home/rino/rd3_ws/install/mini_r1_v1_gz/bin'
[3.048s] Level 1:colcon.colcon_core.environment:checking '/home/rino/rd3_ws/install/mini_r1_v1_gz/lib/pkgconfig/mini_r1_v1_gz.pc'
[3.049s] Level 1:colcon.colcon_core.environment:checking '/home/rino/rd3_ws/install/mini_r1_v1_gz/lib/python3.10/site-packages'
[3.049s] Level 1:colcon.colcon_core.environment:checking '/home/rino/rd3_ws/install/mini_r1_v1_gz/bin'
[3.050s] INFO:colcon.colcon_core.shell:Creating package script '/home/rino/rd3_ws/install/mini_r1_v1_gz/share/mini_r1_v1_gz/package.ps1'
[3.053s] INFO:colcon.colcon_core.shell:Creating package descriptor '/home/rino/rd3_ws/install/mini_r1_v1_gz/share/mini_r1_v1_gz/package.dsv'
[3.054s] INFO:colcon.colcon_core.shell:Creating package script '/home/rino/rd3_ws/install/mini_r1_v1_gz/share/mini_r1_v1_gz/package.sh'
[3.057s] INFO:colcon.colcon_core.shell:Creating package script '/home/rino/rd3_ws/install/mini_r1_v1_gz/share/mini_r1_v1_gz/package.bash'
[3.060s] INFO:colcon.colcon_core.shell:Creating package script '/home/rino/rd3_ws/install/mini_r1_v1_gz/share/mini_r1_v1_gz/package.zsh'
[3.061s] Level 1:colcon.colcon_core.environment:create_file_with_runtime_dependencies(/home/rino/rd3_ws/install/mini_r1_v1_gz/share/colcon-core/packages/mini_r1_v1_gz)
[3.681s] DEBUG:colcon.colcon_core.event_handler.log_command:Invoked command in '/home/rino/rd3_ws/build/mini_r1_v1_description' returned '0': CMAKE_PREFIX_PATH=${CMAKE_PREFIX_PATH}:/home/rino/ros2_ws/install/decision_pkg:/home/rino/hack_ws/src/explorer_pkg/install/explorer_pkg:/home/rino/hack_ws/install/explorer_pkg:/opt/ros/humble /usr/bin/cmake /home/rino/rd3_ws/src/mini_r1_v1_description -DCMAKE_INSTALL_PREFIX=/home/rino/rd3_ws/install/mini_r1_v1_description
[3.687s] DEBUG:colcon.colcon_core.event_handler.log_command:Invoking command in '/home/rino/rd3_ws/build/mini_r1_v1_description': CMAKE_PREFIX_PATH=${CMAKE_PREFIX_PATH}:/home/rino/ros2_ws/install/decision_pkg:/home/rino/hack_ws/src/explorer_pkg/install/explorer_pkg:/home/rino/hack_ws/install/explorer_pkg:/opt/ros/humble /usr/bin/cmake --build /home/rino/rd3_ws/build/mini_r1_v1_description -- -j8 -l8
[3.774s] DEBUG:colcon.colcon_core.event_handler.log_command:Invoked command in '/home/rino/rd3_ws/build/mini_r1_v1_description' returned '0': CMAKE_PREFIX_PATH=${CMAKE_PREFIX_PATH}:/home/rino/ros2_ws/install/decision_pkg:/home/rino/hack_ws/src/explorer_pkg/install/explorer_pkg:/home/rino/hack_ws/install/explorer_pkg:/opt/ros/humble /usr/bin/cmake --build /home/rino/rd3_ws/build/mini_r1_v1_description -- -j8 -l8
[3.775s] DEBUG:colcon.colcon_core.event_handler.log_command:Invoking command in '/home/rino/rd3_ws/build/mini_r1_v1_description': CMAKE_PREFIX_PATH=${CMAKE_PREFIX_PATH}:/home/rino/ros2_ws/install/decision_pkg:/home/rino/hack_ws/src/explorer_pkg/install/explorer_pkg:/home/rino/hack_ws/install/explorer_pkg:/opt/ros/humble /usr/bin/cmake --install /home/rino/rd3_ws/build/mini_r1_v1_description
[3.839s] Level 1:colcon.colcon_core.environment:create_environment_scripts_only(mini_r1_v1_description)
[3.840s] Level 1:colcon.colcon_core.environment:checking '/home/rino/rd3_ws/install/mini_r1_v1_description' for CMake module files
[3.840s] DEBUG:colcon.colcon_core.event_handler.log_command:Invoked command in '/home/rino/rd3_ws/build/mini_r1_v1_description' returned '0': CMAKE_PREFIX_PATH=${CMAKE_PREFIX_PATH}:/home/rino/ros2_ws/install/decision_pkg:/home/rino/hack_ws/src/explorer_pkg/install/explorer_pkg:/home/rino/hack_ws/install/explorer_pkg:/opt/ros/humble /usr/bin/cmake --install /home/rino/rd3_ws/build/mini_r1_v1_description
[3.841s] Level 1:colcon.colcon_core.environment:checking '/home/rino/rd3_ws/install/mini_r1_v1_description' for CMake config files
[3.841s] Level 1:colcon.colcon_core.shell:create_environment_hook('mini_r1_v1_description', 'cmake_prefix_path')
[3.842s] INFO:colcon.colcon_core.shell:Creating environment hook '/home/rino/rd3_ws/install/mini_r1_v1_description/share/mini_r1_v1_description/hook/cmake_prefix_path.ps1'
[3.842s] INFO:colcon.colcon_core.shell:Creating environment descriptor '/home/rino/rd3_ws/install/mini_r1_v1_description/share/mini_r1_v1_description/hook/cmake_prefix_path.dsv'
[3.843s] INFO:colcon.colcon_core.shell:Creating environment hook '/home/rino/rd3_ws/install/mini_r1_v1_description/share/mini_r1_v1_description/hook/cmake_prefix_path.sh'
[3.843s] Level 1:colcon.colcon_core.environment:checking '/home/rino/rd3_ws/install/mini_r1_v1_description/bin'
[3.843s] Level 1:colcon.colcon_core.environment:checking '/home/rino/rd3_ws/install/mini_r1_v1_description/lib/pkgconfig/mini_r1_v1_description.pc'
[3.844s] Level 1:colcon.colcon_core.environment:checking '/home/rino/rd3_ws/install/mini_r1_v1_description/lib/python3.10/site-packages'
[3.844s] Level 1:colcon.colcon_core.environment:checking '/home/rino/rd3_ws/install/mini_r1_v1_description/bin'
[3.845s] INFO:colcon.colcon_core.shell:Creating package script '/home/rino/rd3_ws/install/mini_r1_v1_description/share/mini_r1_v1_description/package.ps1'
[3.845s] INFO:colcon.colcon_core.shell:Creating package descriptor '/home/rino/rd3_ws/install/mini_r1_v1_description/share/mini_r1_v1_description/package.dsv'
[3.846s] INFO:colcon.colcon_core.shell:Creating package script '/home/rino/rd3_ws/install/mini_r1_v1_description/share/mini_r1_v1_description/package.sh'
[3.847s] INFO:colcon.colcon_core.shell:Creating package script '/home/rino/rd3_ws/install/mini_r1_v1_description/share/mini_r1_v1_description/package.bash'
[3.847s] INFO:colcon.colcon_core.shell:Creating package script '/home/rino/rd3_ws/install/mini_r1_v1_description/share/mini_r1_v1_description/package.zsh'
[3.848s] Level 1:colcon.colcon_core.environment:create_file_with_runtime_dependencies(/home/rino/rd3_ws/install/mini_r1_v1_description/share/colcon-core/packages/mini_r1_v1_description)
[3.849s] Level 1:colcon.colcon_core.environment:create_environment_scripts_only(mini_r1_v1_description)
[3.849s] Level 1:colcon.colcon_core.environment:checking '/home/rino/rd3_ws/install/mini_r1_v1_description' for CMake module files
[3.850s] Level 1:colcon.colcon_core.environment:checking '/home/rino/rd3_ws/install/mini_r1_v1_description' for CMake config files
[3.850s] Level 1:colcon.colcon_core.shell:create_environment_hook('mini_r1_v1_description', 'cmake_prefix_path')
[3.850s] INFO:colcon.colcon_core.shell:Creating environment hook '/home/rino/rd3_ws/install/mini_r1_v1_description/share/mini_r1_v1_description/hook/cmake_prefix_path.ps1'
[3.851s] INFO:colcon.colcon_core.shell:Creating environment descriptor '/home/rino/rd3_ws/install/mini_r1_v1_description/share/mini_r1_v1_description/hook/cmake_prefix_path.dsv'
[3.852s] INFO:colcon.colcon_core.shell:Creating environment hook '/home/rino/rd3_ws/install/mini_r1_v1_description/share/mini_r1_v1_description/hook/cmake_prefix_path.sh'
[3.853s] Level 1:colcon.colcon_core.environment:checking '/home/rino/rd3_ws/install/mini_r1_v1_description/bin'
[3.853s] Level 1:colcon.colcon_core.environment:checking '/home/rino/rd3_ws/install/mini_r1_v1_description/lib/pkgconfig/mini_r1_v1_description.pc'
[3.853s] Level 1:colcon.colcon_core.environment:checking '/home/rino/rd3_ws/install/mini_r1_v1_description/lib/python3.10/site-packages'
[3.854s] Level 1:colcon.colcon_core.environment:checking '/home/rino/rd3_ws/install/mini_r1_v1_description/bin'
[3.855s] INFO:colcon.colcon_core.shell:Creating package script '/home/rino/rd3_ws/install/mini_r1_v1_description/share/mini_r1_v1_description/package.ps1'
[3.855s] INFO:colcon.colcon_core.shell:Creating package descriptor '/home/rino/rd3_ws/install/mini_r1_v1_description/share/mini_r1_v1_description/package.dsv'
[3.856s] INFO:colcon.colcon_core.shell:Creating package script '/home/rino/rd3_ws/install/mini_r1_v1_description/share/mini_r1_v1_description/package.sh'
[3.857s] INFO:colcon.colcon_core.shell:Creating package script '/home/rino/rd3_ws/install/mini_r1_v1_description/share/mini_r1_v1_description/package.bash'
[3.858s] INFO:colcon.colcon_core.shell:Creating package script '/home/rino/rd3_ws/install/mini_r1_v1_description/share/mini_r1_v1_description/package.zsh'
[3.858s] Level 1:colcon.colcon_core.environment:create_file_with_runtime_dependencies(/home/rino/rd3_ws/install/mini_r1_v1_description/share/colcon-core/packages/mini_r1_v1_description)
[3.859s] INFO:colcon.colcon_ros.task.ament_cmake.build:Building ROS package in '/home/rino/rd3_ws/src/lumi_r3' with build type 'ament_cmake'
[3.859s] INFO:colcon.colcon_cmake.task.cmake.build:Building CMake package in '/home/rino/rd3_ws/src/lumi_r3'
[3.860s] INFO:colcon.colcon_core.shell:Skip shell extension 'powershell' for command environment: Not usable outside of PowerShell
[3.860s] DEBUG:colcon.colcon_core.shell:Skip shell extension 'dsv' for command environment
[3.885s] DEBUG:colcon.colcon_core.event_handler.log_command:Invoking command in '/home/rino/rd3_ws/build/lumi_r3': CMAKE_PREFIX_PATH=/home/rino/rd3_ws/install/mini_r1_v1_gz:/home/rino/rd3_ws/install/mini_r1_v1_description:/home/rino/rd3_ws/install/lumi_r3:/home/rino/ros2_ws/install/warenav_r15:/home/rino/ros2_ws/install/mini_r1_v1_gz:/home/rino/ros2_ws/install/mini_r1_v1_description:/home/rino/ros2_ws/install/decision_pkg:/home/rino/hack_ws/src/explorer_pkg/install/explorer_pkg:/home/rino/hack_ws/install/explorer_pkg:/opt/ros/humble /usr/bin/cmake /home/rino/rd3_ws/src/lumi_r3 -DCMAKE_INSTALL_PREFIX=/home/rino/rd3_ws/install/lumi_r3
[5.056s] DEBUG:colcon.colcon_core.event_handler.log_command:Invoked command in '/home/rino/rd3_ws/build/lumi_r3' returned '0': CMAKE_PREFIX_PATH=/home/rino/rd3_ws/install/mini_r1_v1_gz:/home/rino/rd3_ws/install/mini_r1_v1_description:/home/rino/rd3_ws/install/lumi_r3:/home/rino/ros2_ws/install/warenav_r15:/home/rino/ros2_ws/install/mini_r1_v1_gz:/home/rino/ros2_ws/install/mini_r1_v1_description:/home/rino/ros2_ws/install/decision_pkg:/home/rino/hack_ws/src/explorer_pkg/install/explorer_pkg:/home/rino/hack_ws/install/explorer_pkg:/opt/ros/humble /usr/bin/cmake /home/rino/rd3_ws/src/lumi_r3 -DCMAKE_INSTALL_PREFIX=/home/rino/rd3_ws/install/lumi_r3
[5.057s] DEBUG:colcon.colcon_core.event_handler.log_command:Invoking command in '/home/rino/rd3_ws/build/lumi_r3': CMAKE_PREFIX_PATH=/home/rino/rd3_ws/install/mini_r1_v1_gz:/home/rino/rd3_ws/install/mini_r1_v1_description:/home/rino/rd3_ws/install/lumi_r3:/home/rino/ros2_ws/install/warenav_r15:/home/rino/ros2_ws/install/mini_r1_v1_gz:/home/rino/ros2_ws/install/mini_r1_v1_description:/home/rino/ros2_ws/install/decision_pkg:/home/rino/hack_ws/src/explorer_pkg/install/explorer_pkg:/home/rino/hack_ws/install/explorer_pkg:/opt/ros/humble /usr/bin/cmake --build /home/rino/rd3_ws/build/lumi_r3 -- -j8 -l8
[5.686s] DEBUG:colcon.colcon_core.event_handler.log_command:Invoked command in '/home/rino/rd3_ws/build/lumi_r3' returned '0': CMAKE_PREFIX_PATH=/home/rino/rd3_ws/install/mini_r1_v1_gz:/home/rino/rd3_ws/install/mini_r1_v1_description:/home/rino/rd3_ws/install/lumi_r3:/home/rino/ros2_ws/install/warenav_r15:/home/rino/ros2_ws/install/mini_r1_v1_gz:/home/rino/ros2_ws/install/mini_r1_v1_description:/home/rino/ros2_ws/install/decision_pkg:/home/rino/hack_ws/src/explorer_pkg/install/explorer_pkg:/home/rino/hack_ws/install/explorer_pkg:/opt/ros/humble /usr/bin/cmake --build /home/rino/rd3_ws/build/lumi_r3 -- -j8 -l8
[5.689s] DEBUG:colcon.colcon_core.event_handler.log_command:Invoking command in '/home/rino/rd3_ws/build/lumi_r3': CMAKE_PREFIX_PATH=/home/rino/rd3_ws/install/mini_r1_v1_gz:/home/rino/rd3_ws/install/mini_r1_v1_description:/home/rino/rd3_ws/install/lumi_r3:/home/rino/ros2_ws/install/warenav_r15:/home/rino/ros2_ws/install/mini_r1_v1_gz:/home/rino/ros2_ws/install/mini_r1_v1_description:/home/rino/ros2_ws/install/decision_pkg:/home/rino/hack_ws/src/explorer_pkg/install/explorer_pkg:/home/rino/hack_ws/install/explorer_pkg:/opt/ros/humble /usr/bin/cmake --install /home/rino/rd3_ws/build/lumi_r3
[5.802s] Level 1:colcon.colcon_core.environment:create_environment_scripts_only(lumi_r3)
[5.804s] Level 1:colcon.colcon_core.environment:checking '/home/rino/rd3_ws/install/lumi_r3' for CMake module files
[5.805s] DEBUG:colcon.colcon_core.event_handler.log_command:Invoked command in '/home/rino/rd3_ws/build/lumi_r3' returned '0': CMAKE_PREFIX_PATH=/home/rino/rd3_ws/install/mini_r1_v1_gz:/home/rino/rd3_ws/install/mini_r1_v1_description:/home/rino/rd3_ws/install/lumi_r3:/home/rino/ros2_ws/install/warenav_r15:/home/rino/ros2_ws/install/mini_r1_v1_gz:/home/rino/ros2_ws/install/mini_r1_v1_description:/home/rino/ros2_ws/install/decision_pkg:/home/rino/hack_ws/src/explorer_pkg/install/explorer_pkg:/home/rino/hack_ws/install/explorer_pkg:/opt/ros/humble /usr/bin/cmake --install /home/rino/rd3_ws/build/lumi_r3
[5.805s] Level 1:colcon.colcon_core.environment:checking '/home/rino/rd3_ws/install/lumi_r3' for CMake config files
[5.806s] Level 1:colcon.colcon_core.shell:create_environment_hook('lumi_r3', 'cmake_prefix_path')
[5.807s] INFO:colcon.colcon_core.shell:Creating environment hook '/home/rino/rd3_ws/install/lumi_r3/share/lumi_r3/hook/cmake_prefix_path.ps1'
[5.808s] INFO:colcon.colcon_core.shell:Creating environment descriptor '/home/rino/rd3_ws/install/lumi_r3/share/lumi_r3/hook/cmake_prefix_path.dsv'
[5.808s] INFO:colcon.colcon_core.shell:Creating environment hook '/home/rino/rd3_ws/install/lumi_r3/share/lumi_r3/hook/cmake_prefix_path.sh'
[5.809s] Level 1:colcon.colcon_core.environment:checking '/home/rino/rd3_ws/install/lumi_r3/lib'
[5.809s] Level 1:colcon.colcon_core.environment:checking '/home/rino/rd3_ws/install/lumi_r3/bin'
[5.809s] Level 1:colcon.colcon_core.environment:checking '/home/rino/rd3_ws/install/lumi_r3/lib/pkgconfig/lumi_r3.pc'
[5.810s] Level 1:colcon.colcon_core.environment:checking '/home/rino/rd3_ws/install/lumi_r3/lib/python3.10/site-packages'
[5.810s] Level 1:colcon.colcon_core.environment:checking '/home/rino/rd3_ws/install/lumi_r3/bin'
[5.810s] INFO:colcon.colcon_core.shell:Creating package script '/home/rino/rd3_ws/install/lumi_r3/share/lumi_r3/package.ps1'
[5.811s] INFO:colcon.colcon_core.shell:Creating package descriptor '/home/rino/rd3_ws/install/lumi_r3/share/lumi_r3/package.dsv'
[5.812s] INFO:colcon.colcon_core.shell:Creating package script '/home/rino/rd3_ws/install/lumi_r3/share/lumi_r3/package.sh'
[5.813s] INFO:colcon.colcon_core.shell:Creating package script '/home/rino/rd3_ws/install/lumi_r3/share/lumi_r3/package.bash'
[5.813s] INFO:colcon.colcon_core.shell:Creating package script '/home/rino/rd3_ws/install/lumi_r3/share/lumi_r3/package.zsh'
[5.814s] Level 1:colcon.colcon_core.environment:create_file_with_runtime_dependencies(/home/rino/rd3_ws/install/lumi_r3/share/colcon-core/packages/lumi_r3)
[5.815s] Level 1:colcon.colcon_core.environment:create_environment_scripts_only(lumi_r3)
[5.815s] Level 1:colcon.colcon_core.environment:checking '/home/rino/rd3_ws/install/lumi_r3' for CMake module files
[5.816s] Level 1:colcon.colcon_core.environment:checking '/home/rino/rd3_ws/install/lumi_r3' for CMake config files
[5.817s] Level 1:colcon.colcon_core.shell:create_environment_hook('lumi_r3', 'cmake_prefix_path')
[5.817s] INFO:colcon.colcon_core.shell:Creating environment hook '/home/rino/rd3_ws/install/lumi_r3/share/lumi_r3/hook/cmake_prefix_path.ps1'
[5.818s] INFO:colcon.colcon_core.shell:Creating environment descriptor '/home/rino/rd3_ws/install/lumi_r3/share/lumi_r3/hook/cmake_prefix_path.dsv'
[5.818s] INFO:colcon.colcon_core.shell:Creating environment hook '/home/rino/rd3_ws/install/lumi_r3/share/lumi_r3/hook/cmake_prefix_path.sh'
[5.819s] Level 1:colcon.colcon_core.environment:checking '/home/rino/rd3_ws/install/lumi_r3/lib'
[5.820s] Level 1:colcon.colcon_core.environment:checking '/home/rino/rd3_ws/install/lumi_r3/bin'
[5.820s] Level 1:colcon.colcon_core.environment:checking '/home/rino/rd3_ws/install/lumi_r3/lib/pkgconfig/lumi_r3.pc'
[5.820s] Level 1:colcon.colcon_core.environment:checking '/home/rino/rd3_ws/install/lumi_r3/lib/python3.10/site-packages'
[5.821s] Level 1:colcon.colcon_core.environment:checking '/home/rino/rd3_ws/install/lumi_r3/bin'
[5.823s] INFO:colcon.colcon_core.shell:Creating package script '/home/rino/rd3_ws/install/lumi_r3/share/lumi_r3/package.ps1'
[5.825s] INFO:colcon.colcon_core.shell:Creating package descriptor '/home/rino/rd3_ws/install/lumi_r3/share/lumi_r3/package.dsv'
[5.826s] INFO:colcon.colcon_core.shell:Creating package script '/home/rino/rd3_ws/install/lumi_r3/share/lumi_r3/package.sh'
[5.827s] INFO:colcon.colcon_core.shell:Creating package script '/home/rino/rd3_ws/install/lumi_r3/share/lumi_r3/package.bash'
[5.828s] INFO:colcon.colcon_core.shell:Creating package script '/home/rino/rd3_ws/install/lumi_r3/share/lumi_r3/package.zsh'
[5.829s] Level 1:colcon.colcon_core.environment:create_file_with_runtime_dependencies(/home/rino/rd3_ws/install/lumi_r3/share/colcon-core/packages/lumi_r3)
[5.830s] DEBUG:colcon.colcon_parallel_executor.executor.parallel:closing loop
[5.830s] DEBUG:colcon.colcon_parallel_executor.executor.parallel:loop closed
[5.831s] DEBUG:colcon.colcon_parallel_executor.executor.parallel:run_until_complete finished with '0'
[5.831s] DEBUG:colcon.colcon_core.event_reactor:joining thread
[5.839s] INFO:colcon.colcon_core.plugin_system:Skipping extension 'colcon_notification.desktop_notification.terminal_notifier': Not used on non-Darwin systems
[5.839s] INFO:colcon.colcon_core.plugin_system:Skipping extension 'colcon_notification.desktop_notification.win32': Not used on non-Windows systems
[5.840s] INFO:colcon.colcon_notification.desktop_notification:Sending desktop notification using 'notify2'
[5.868s] DEBUG:colcon.colcon_core.event_reactor:joined thread
[5.869s] INFO:colcon.colcon_core.shell:Creating prefix script '/home/rino/rd3_ws/install/local_setup.ps1'
[5.871s] INFO:colcon.colcon_core.shell:Creating prefix util module '/home/rino/rd3_ws/install/_local_setup_util_ps1.py'
[5.873s] INFO:colcon.colcon_core.shell:Creating prefix chain script '/home/rino/rd3_ws/install/setup.ps1'
[5.875s] INFO:colcon.colcon_core.shell:Creating prefix script '/home/rino/rd3_ws/install/local_setup.sh'
[5.876s] INFO:colcon.colcon_core.shell:Creating prefix util module '/home/rino/rd3_ws/install/_local_setup_util_sh.py'
[5.876s] INFO:colcon.colcon_core.shell:Creating prefix chain script '/home/rino/rd3_ws/install/setup.sh'
[5.878s] INFO:colcon.colcon_core.shell:Creating prefix script '/home/rino/rd3_ws/install/local_setup.bash'
[5.879s] INFO:colcon.colcon_core.shell:Creating prefix chain script '/home/rino/rd3_ws/install/setup.bash'
[5.881s] INFO:colcon.colcon_core.shell:Creating prefix script '/home/rino/rd3_ws/install/local_setup.zsh'
[5.882s] INFO:colcon.colcon_core.shell:Creating prefix chain script '/home/rino/rd3_ws/install/setup.zsh'
