-- Install configuration: ""
-- Up-to-date: /home/rino/rd3_ws/install/mini_r1_v1_description/share/mini_r1_v1_description/launch
-- Up-to-date: /home/rino/rd3_ws/install/mini_r1_v1_description/share/mini_r1_v1_description/launch/rsp.launch.py
-- Up-to-date: /home/rino/rd3_ws/install/mini_r1_v1_description/share/mini_r1_v1_description/urdf
-- Up-to-date: /home/rino/rd3_ws/install/mini_r1_v1_description/share/mini_r1_v1_description/urdf/gazebo_control.xacro
-- Up-to-date: /home/rino/rd3_ws/install/mini_r1_v1_description/share/mini_r1_v1_description/urdf/robot_core.xacro
-- Up-to-date: /home/rino/rd3_ws/install/mini_r1_v1_description/share/mini_r1_v1_description/urdf/sensors.xacro
-- Up-to-date: /home/rino/rd3_ws/install/mini_r1_v1_description/share/mini_r1_v1_description/urdf/lidar.xacro
-- Up-to-date: /home/rino/rd3_ws/install/mini_r1_v1_description/share/mini_r1_v1_description/urdf/mini_r1.urdf.xacro
-- Up-to-date: /home/rino/rd3_ws/install/mini_r1_v1_description/share/mini_r1_v1_description/meshes
-- Up-to-date: /home/rino/rd3_ws/install/mini_r1_v1_description/share/mini_r1_v1_description/meshes/TR_LF.STL
-- Up-to-date: /home/rino/rd3_ws/install/mini_r1_v1_description/share/mini_r1_v1_description/meshes/TR_RF.STL
-- Up-to-date: /home/rino/rd3_ws/install/mini_r1_v1_description/share/mini_r1_v1_description/meshes/TR_RR.STL
-- Up-to-date: /home/rino/rd3_ws/install/mini_r1_v1_description/share/mini_r1_v1_description/meshes/CAM.STL
-- Up-to-date: /home/rino/rd3_ws/install/mini_r1_v1_description/share/mini_r1_v1_description/meshes/TR_LR.STL
-- Up-to-date: /home/rino/rd3_ws/install/mini_r1_v1_description/share/mini_r1_v1_description/meshes/LIDAR.STL
-- Up-to-date: /home/rino/rd3_ws/install/mini_r1_v1_description/share/mini_r1_v1_description/meshes/IMU.STL
-- Up-to-date: /home/rino/rd3_ws/install/mini_r1_v1_description/share/mini_r1_v1_description/meshes/base_link.STL
-- Up-to-date: /home/rino/rd3_ws/install/mini_r1_v1_description/share/mini_r1_v1_description/worlds
-- Up-to-date: /home/rino/rd3_ws/install/mini_r1_v1_description/share/mini_r1_v1_description/worlds/empty.sdf
-- Up-to-date: /home/rino/rd3_ws/install/mini_r1_v1_description/share/mini_r1_v1_description/config
-- Up-to-date: /home/rino/rd3_ws/install/mini_r1_v1_description/share/mini_r1_v1_description/config/joint_names_MINI_R1_v1.yaml
-- Up-to-date: /home/rino/rd3_ws/install/mini_r1_v1_description/share/mini_r1_v1_description/launch
-- Up-to-date: /home/rino/rd3_ws/install/mini_r1_v1_description/share/mini_r1_v1_description/launch/rsp.launch.py
-- Up-to-date: /home/rino/rd3_ws/install/mini_r1_v1_description/share/mini_r1_v1_description/meshes
-- Up-to-date: /home/rino/rd3_ws/install/mini_r1_v1_description/share/mini_r1_v1_description/meshes/TR_LF.STL
-- Up-to-date: /home/rino/rd3_ws/install/mini_r1_v1_description/share/mini_r1_v1_description/meshes/TR_RF.STL
-- Up-to-date: /home/rino/rd3_ws/install/mini_r1_v1_description/share/mini_r1_v1_description/meshes/TR_RR.STL
-- Up-to-date: /home/rino/rd3_ws/install/mini_r1_v1_description/share/mini_r1_v1_description/meshes/CAM.STL
-- Up-to-date: /home/rino/rd3_ws/install/mini_r1_v1_description/share/mini_r1_v1_description/meshes/TR_LR.STL
-- Up-to-date: /home/rino/rd3_ws/install/mini_r1_v1_description/share/mini_r1_v1_description/meshes/LIDAR.STL
-- Up-to-date: /home/rino/rd3_ws/install/mini_r1_v1_description/share/mini_r1_v1_description/meshes/IMU.STL
-- Up-to-date: /home/rino/rd3_ws/install/mini_r1_v1_description/share/mini_r1_v1_description/meshes/base_link.STL
-- Up-to-date: /home/rino/rd3_ws/install/mini_r1_v1_description/share/mini_r1_v1_description/urdf
-- Up-to-date: /home/rino/rd3_ws/install/mini_r1_v1_description/share/mini_r1_v1_description/urdf/gazebo_control.xacro
-- Up-to-date: /home/rino/rd3_ws/install/mini_r1_v1_description/share/mini_r1_v1_description/urdf/robot_core.xacro
-- Up-to-date: /home/rino/rd3_ws/install/mini_r1_v1_description/share/mini_r1_v1_description/urdf/sensors.xacro
-- Up-to-date: /home/rino/rd3_ws/install/mini_r1_v1_description/share/mini_r1_v1_description/urdf/lidar.xacro
-- Up-to-date: /home/rino/rd3_ws/install/mini_r1_v1_description/share/mini_r1_v1_description/urdf/mini_r1.urdf.xacro
-- Up-to-date: /home/rino/rd3_ws/install/mini_r1_v1_description/share/ament_index/resource_index/package_run_dependencies/mini_r1_v1_description
-- Up-to-date: /home/rino/rd3_ws/install/mini_r1_v1_description/share/ament_index/resource_index/parent_prefix_path/mini_r1_v1_description
-- Up-to-date: /home/rino/rd3_ws/install/mini_r1_v1_description/share/mini_r1_v1_description/environment/ament_prefix_path.sh
-- Up-to-date: /home/rino/rd3_ws/install/mini_r1_v1_description/share/mini_r1_v1_description/environment/ament_prefix_path.dsv
-- Up-to-date: /home/rino/rd3_ws/install/mini_r1_v1_description/share/mini_r1_v1_description/environment/path.sh
-- Up-to-date: /home/rino/rd3_ws/install/mini_r1_v1_description/share/mini_r1_v1_description/environment/path.dsv
-- Up-to-date: /home/rino/rd3_ws/install/mini_r1_v1_description/share/mini_r1_v1_description/local_setup.bash
-- Up-to-date: /home/rino/rd3_ws/install/mini_r1_v1_description/share/mini_r1_v1_description/local_setup.sh
-- Up-to-date: /home/rino/rd3_ws/install/mini_r1_v1_description/share/mini_r1_v1_description/local_setup.zsh
-- Up-to-date: /home/rino/rd3_ws/install/mini_r1_v1_description/share/mini_r1_v1_description/local_setup.dsv
-- Up-to-date: /home/rino/rd3_ws/install/mini_r1_v1_description/share/mini_r1_v1_description/package.dsv
-- Up-to-date: /home/rino/rd3_ws/install/mini_r1_v1_description/share/ament_index/resource_index/packages/mini_r1_v1_description
-- Up-to-date: /home/rino/rd3_ws/install/mini_r1_v1_description/share/mini_r1_v1_description/cmake/mini_r1_v1_descriptionConfig.cmake
-- Up-to-date: /home/rino/rd3_ws/install/mini_r1_v1_description/share/mini_r1_v1_description/cmake/mini_r1_v1_descriptionConfig-version.cmake
-- Up-to-date: /home/rino/rd3_ws/install/mini_r1_v1_description/share/mini_r1_v1_description/package.xml
