[0.029s] Invoking command in '/home/rino/rd3_ws/build/mini_r1_v1_description': CMAKE_PREFIX_PATH=/opt/ros/humble /usr/bin/cmake --build /home/rino/rd3_ws/build/mini_r1_v1_description -- -j8 -l8
[0.105s] Invoked command in '/home/rino/rd3_ws/build/mini_r1_v1_description' returned '0': CMAKE_PREFIX_PATH=/opt/ros/humble /usr/bin/cmake --build /home/rino/rd3_ws/build/mini_r1_v1_description -- -j8 -l8
[0.123s] Invoking command in '/home/rino/rd3_ws/build/mini_r1_v1_description': CMAKE_PREFIX_PATH=/opt/ros/humble /usr/bin/cmake --install /home/rino/rd3_ws/build/mini_r1_v1_description
[0.137s] -- Install configuration: ""
[0.138s] -- Up-to-date: /home/rino/rd3_ws/install/mini_r1_v1_description/share/mini_r1_v1_description/launch
[0.140s] -- Up-to-date: /home/rino/rd3_ws/install/mini_r1_v1_description/share/mini_r1_v1_description/launch/rsp.launch.py
[0.140s] -- Up-to-date: /home/rino/rd3_ws/install/mini_r1_v1_description/share/mini_r1_v1_description/urdf
[0.142s] -- Up-to-date: /home/rino/rd3_ws/install/mini_r1_v1_description/share/mini_r1_v1_description/urdf/gazebo_control.xacro
[0.142s] -- Up-to-date: /home/rino/rd3_ws/install/mini_r1_v1_description/share/mini_r1_v1_description/urdf/robot_core.xacro
[0.142s] -- Up-to-date: /home/rino/rd3_ws/install/mini_r1_v1_description/share/mini_r1_v1_description/urdf/sensors.xacro
[0.142s] -- Up-to-date: /home/rino/rd3_ws/install/mini_r1_v1_description/share/mini_r1_v1_description/urdf/lidar.xacro
[0.142s] -- Up-to-date: /home/rino/rd3_ws/install/mini_r1_v1_description/share/mini_r1_v1_description/urdf/mini_r1.urdf.xacro
[0.143s] -- Up-to-date: /home/rino/rd3_ws/install/mini_r1_v1_description/share/mini_r1_v1_description/meshes
[0.144s] -- Up-to-date: /home/rino/rd3_ws/install/mini_r1_v1_description/share/mini_r1_v1_description/meshes/TR_LF.STL
[0.144s] -- Up-to-date: /home/rino/rd3_ws/install/mini_r1_v1_description/share/mini_r1_v1_description/meshes/TR_RF.STL
[0.144s] -- Up-to-date: /home/rino/rd3_ws/install/mini_r1_v1_description/share/mini_r1_v1_description/meshes/TR_RR.STL
[0.144s] -- Up-to-date: /home/rino/rd3_ws/install/mini_r1_v1_description/share/mini_r1_v1_description/meshes/CAM.STL
[0.144s] -- Up-to-date: /home/rino/rd3_ws/install/mini_r1_v1_description/share/mini_r1_v1_description/meshes/TR_LR.STL
[0.144s] -- Up-to-date: /home/rino/rd3_ws/install/mini_r1_v1_description/share/mini_r1_v1_description/meshes/LIDAR.STL
[0.144s] -- Up-to-date: /home/rino/rd3_ws/install/mini_r1_v1_description/share/mini_r1_v1_description/meshes/IMU.STL
[0.144s] -- Up-to-date: /home/rino/rd3_ws/install/mini_r1_v1_description/share/mini_r1_v1_description/meshes/base_link.STL
[0.145s] -- Up-to-date: /home/rino/rd3_ws/install/mini_r1_v1_description/share/mini_r1_v1_description/worlds
[0.145s] -- Up-to-date: /home/rino/rd3_ws/install/mini_r1_v1_description/share/mini_r1_v1_description/worlds/empty.sdf
[0.145s] -- Up-to-date: /home/rino/rd3_ws/install/mini_r1_v1_description/share/mini_r1_v1_description/config
[0.146s] -- Up-to-date: /home/rino/rd3_ws/install/mini_r1_v1_description/share/mini_r1_v1_description/config/joint_names_MINI_R1_v1.yaml
[0.146s] -- Up-to-date: /home/rino/rd3_ws/install/mini_r1_v1_description/share/mini_r1_v1_description/launch
[0.146s] -- Up-to-date: /home/rino/rd3_ws/install/mini_r1_v1_description/share/mini_r1_v1_description/launch/rsp.launch.py
[0.146s] -- Up-to-date: /home/rino/rd3_ws/install/mini_r1_v1_description/share/mini_r1_v1_description/meshes
[0.146s] -- Up-to-date: /home/rino/rd3_ws/install/mini_r1_v1_description/share/mini_r1_v1_description/meshes/TR_LF.STL
[0.146s] -- Up-to-date: /home/rino/rd3_ws/install/mini_r1_v1_description/share/mini_r1_v1_description/meshes/TR_RF.STL
[0.146s] -- Up-to-date: /home/rino/rd3_ws/install/mini_r1_v1_description/share/mini_r1_v1_description/meshes/TR_RR.STL
[0.147s] -- Up-to-date: /home/rino/rd3_ws/install/mini_r1_v1_description/share/mini_r1_v1_description/meshes/CAM.STL
[0.147s] -- Up-to-date: /home/rino/rd3_ws/install/mini_r1_v1_description/share/mini_r1_v1_description/meshes/TR_LR.STL
[0.147s] -- Up-to-date: /home/rino/rd3_ws/install/mini_r1_v1_description/share/mini_r1_v1_description/meshes/LIDAR.STL
[0.147s] -- Up-to-date: /home/rino/rd3_ws/install/mini_r1_v1_description/share/mini_r1_v1_description/meshes/IMU.STL
[0.147s] -- Up-to-date: /home/rino/rd3_ws/install/mini_r1_v1_description/share/mini_r1_v1_description/meshes/base_link.STL
[0.147s] -- Up-to-date: /home/rino/rd3_ws/install/mini_r1_v1_description/share/mini_r1_v1_description/urdf
[0.147s] -- Up-to-date: /home/rino/rd3_ws/install/mini_r1_v1_description/share/mini_r1_v1_description/urdf/gazebo_control.xacro
[0.147s] -- Up-to-date: /home/rino/rd3_ws/install/mini_r1_v1_description/share/mini_r1_v1_description/urdf/robot_core.xacro
[0.147s] -- Up-to-date: /home/rino/rd3_ws/install/mini_r1_v1_description/share/mini_r1_v1_description/urdf/sensors.xacro
[0.148s] -- Up-to-date: /home/rino/rd3_ws/install/mini_r1_v1_description/share/mini_r1_v1_description/urdf/lidar.xacro
[0.148s] -- Up-to-date: /home/rino/rd3_ws/install/mini_r1_v1_description/share/mini_r1_v1_description/urdf/mini_r1.urdf.xacro
[0.148s] -- Up-to-date: /home/rino/rd3_ws/install/mini_r1_v1_description/share/ament_index/resource_index/package_run_dependencies/mini_r1_v1_description
[0.149s] -- Up-to-date: /home/rino/rd3_ws/install/mini_r1_v1_description/share/ament_index/resource_index/parent_prefix_path/mini_r1_v1_description
[0.150s] -- Up-to-date: /home/rino/rd3_ws/install/mini_r1_v1_description/share/mini_r1_v1_description/environment/ament_prefix_path.sh
[0.150s] -- Up-to-date: /home/rino/rd3_ws/install/mini_r1_v1_description/share/mini_r1_v1_description/environment/ament_prefix_path.dsv
[0.150s] -- Up-to-date: /home/rino/rd3_ws/install/mini_r1_v1_description/share/mini_r1_v1_description/environment/path.sh
[0.150s] -- Up-to-date: /home/rino/rd3_ws/install/mini_r1_v1_description/share/mini_r1_v1_description/environment/path.dsv
[0.150s] -- Up-to-date: /home/rino/rd3_ws/install/mini_r1_v1_description/share/mini_r1_v1_description/local_setup.bash
[0.150s] -- Up-to-date: /home/rino/rd3_ws/install/mini_r1_v1_description/share/mini_r1_v1_description/local_setup.sh
[0.150s] -- Up-to-date: /home/rino/rd3_ws/install/mini_r1_v1_description/share/mini_r1_v1_description/local_setup.zsh
[0.150s] -- Up-to-date: /home/rino/rd3_ws/install/mini_r1_v1_description/share/mini_r1_v1_description/local_setup.dsv
[0.150s] -- Up-to-date: /home/rino/rd3_ws/install/mini_r1_v1_description/share/mini_r1_v1_description/package.dsv
[0.150s] -- Up-to-date: /home/rino/rd3_ws/install/mini_r1_v1_description/share/ament_index/resource_index/packages/mini_r1_v1_description
[0.151s] -- Up-to-date: /home/rino/rd3_ws/install/mini_r1_v1_description/share/mini_r1_v1_description/cmake/mini_r1_v1_descriptionConfig.cmake
[0.151s] -- Up-to-date: /home/rino/rd3_ws/install/mini_r1_v1_description/share/mini_r1_v1_description/cmake/mini_r1_v1_descriptionConfig-version.cmake
[0.151s] -- Up-to-date: /home/rino/rd3_ws/install/mini_r1_v1_description/share/mini_r1_v1_description/package.xml
[0.155s] Invoked command in '/home/rino/rd3_ws/build/mini_r1_v1_description' returned '0': CMAKE_PREFIX_PATH=/opt/ros/humble /usr/bin/cmake --install /home/rino/rd3_ws/build/mini_r1_v1_description
