-- Install configuration: ""
-- Up-to-date: /home/rino/rd3_ws/install/mini_r1_v1_gz/share/mini_r1_v1_gz/launch
-- Up-to-date: /home/rino/rd3_ws/install/mini_r1_v1_gz/share/mini_r1_v1_gz/launch/sim.launch.py
-- Up-to-date: /home/rino/rd3_ws/install/mini_r1_v1_gz/share/mini_r1_v1_gz/config
-- Up-to-date: /home/rino/rd3_ws/install/mini_r1_v1_gz/share/mini_r1_v1_gz/config/ros_gz_bridge.yaml
-- Up-to-date: /home/rino/rd3_ws/install/mini_r1_v1_gz/share/ament_index/resource_index/package_run_dependencies/mini_r1_v1_gz
-- Up-to-date: /home/rino/rd3_ws/install/mini_r1_v1_gz/share/ament_index/resource_index/parent_prefix_path/mini_r1_v1_gz
-- Up-to-date: /home/rino/rd3_ws/install/mini_r1_v1_gz/share/mini_r1_v1_gz/environment/ament_prefix_path.sh
-- Up-to-date: /home/rino/rd3_ws/install/mini_r1_v1_gz/share/mini_r1_v1_gz/environment/ament_prefix_path.dsv
-- Up-to-date: /home/rino/rd3_ws/install/mini_r1_v1_gz/share/mini_r1_v1_gz/environment/path.sh
-- Up-to-date: /home/rino/rd3_ws/install/mini_r1_v1_gz/share/mini_r1_v1_gz/environment/path.dsv
-- Up-to-date: /home/rino/rd3_ws/install/mini_r1_v1_gz/share/mini_r1_v1_gz/local_setup.bash
-- Up-to-date: /home/rino/rd3_ws/install/mini_r1_v1_gz/share/mini_r1_v1_gz/local_setup.sh
-- Up-to-date: /home/rino/rd3_ws/install/mini_r1_v1_gz/share/mini_r1_v1_gz/local_setup.zsh
-- Up-to-date: /home/rino/rd3_ws/install/mini_r1_v1_gz/share/mini_r1_v1_gz/local_setup.dsv
-- Up-to-date: /home/rino/rd3_ws/install/mini_r1_v1_gz/share/mini_r1_v1_gz/package.dsv
-- Up-to-date: /home/rino/rd3_ws/install/mini_r1_v1_gz/share/ament_index/resource_index/packages/mini_r1_v1_gz
-- Up-to-date: /home/rino/rd3_ws/install/mini_r1_v1_gz/share/mini_r1_v1_gz/cmake/mini_r1_v1_gzConfig.cmake
-- Up-to-date: /home/rino/rd3_ws/install/mini_r1_v1_gz/share/mini_r1_v1_gz/cmake/mini_r1_v1_gzConfig-version.cmake
-- Up-to-date: /home/rino/rd3_ws/install/mini_r1_v1_gz/share/mini_r1_v1_gz/package.xml
